./test262/test/annexB/language/literals/numeric/non-octal-decimal-integer.js => [0m[1m[32mPASSED
[0m[37m./test262/test/annexB/language/literals/numeric/legacy-octal-integer.js => [0m[1m[33mFAILED
[0m[37m	> Test returned error: Uncaught Test262Error: Expected SameValue(Â«70Â», Â«56Â») to be true
./test262/test/annexB/language/literals/regexp/class-escape.js => [0m[1m[33mFAILED
[0m[37m	> Test returned error: Uncaught SyntaxError: error: parser encountered an unimplemented path in: crates/parser/src/prime.rs:86, Sorry! token: Operator(Div)
 --> ??:29:8
   |
30 | match = /\c0/.exec('\x0f\x10\x11');
   |         ^ 

./test262/test/annexB/language/literals/regexp/quantifiable-assertion-followed-by.js => [0m[1m[33mFAILED
[0m[37m	> Test returned error: Uncaught SyntaxError: error: parser encountered an unimplemented path in: crates/parser/src/prime.rs:86, Sorry! token: Operator(Div)
 --> ??:29:8
   |
30 | match = /.(?=Z)*/.exec('a bZ cZZ dZZZ eZZZZ');
   |         ^ 

./test262/test/annexB/language/literals/regexp/non-empty-class-ranges-no-dash.js => [0m[1m[33mFAILED
[0m[37m	> Test returned error: Uncaught SyntaxError: error: parser encountered an unimplemented path in: crates/parser/src/prime.rs:86, Sorry! token: Operator(Div)
 --> ??:30:8
   |
31 | match = /[\d-a]+/.exec(':a0123456789-:');
   |         ^ 

./test262/test/annexB/language/literals/regexp/identity-escape.js => [0m[1m[33mFAILED
[0m[37m	> Test returned error: Uncaught SyntaxError: error: parser encountered an unimplemented path in: crates/parser/src/prime.rs:86, Sorry! token: Operator(Div)
 --> ??:15:8
   |
16 | match = /\C/.exec('ABCDE');
   |         ^ 

./test262/test/annexB/language/literals/regexp/quantifiable-assertion-not-followed-by.js => [0m[1m[33mFAILED
[0m[37m	> Test returned error: Uncaught SyntaxError: error: parser encountered an unimplemented path in: crates/parser/src/prime.rs:86, Sorry! token: Operator(Div)
 --> ??:29:8
   |
30 | match = /[a-e](?!Z)*/.exec('aZZZZ bZZZ cZZ dZ e');
   |         ^ 

./test262/test/annexB/language/literals/regexp/extended-pattern-char.js => [0m[1m[33mFAILED
[0m[37m	> Test returned error: Uncaught SyntaxError: error: parser encountered an unimplemented path in: crates/parser/src/prime.rs:86, Sorry! token: Operator(Div)
 --> ??:19:8
   |
20 | match = /]/.exec(' ]{}');
   |         ^ 

./test262/test/annexB/language/literals/regexp/non-empty-class-ranges.js => [0m[1m[33mFAILED
[0m[37m	> Test returned error: Uncaught SyntaxError: error: parser encountered an unimplemented path in: crates/parser/src/prime.rs:86, Sorry! token: Operator(Div)
 --> ??:29:8
   |
30 | match = /[--\d]+/.exec('.-0123456789-.');
   |         ^ 

./test262/test/annexB/language/literals/regexp/legacy-octal-escape.js => [0m[1m[33mFAILED
[0m[37m	> Test returned error: Uncaught SyntaxError: error: parser encountered an unimplemented path in: crates/parser/src/prime.rs:86, Sorry! token: Operator(Div)
 --> ??:26:17
   |
27 | assert.sameValue(/\1/.exec('\x01')[0], '\x01', '\\1');
   |                  ^ 

./test262/test/annexB/language/literals/string/legacy-octal-escape-sequence.js => [0m[1m[33mFAILED
[0m[37m	> Test returned error: Uncaught SyntaxError: error: invalid unicode escape code
 --> ??:30:17
   |
31 | assert.sameValue('\1', '\x01', '\\1');
   |                  ^^^^ 

./test262/test/annexB/language/eval-code/direct/global-switch-case-eval-global-existing-global-update.js => [0m[1m[31mERROR: 
[0m[37m	> failed to execute harness file `fnGlobalObject.js`: Uncaught TypeError: tried to call non function value
./test262/test/annexB/language/eval-code/direct/func-if-decl-no-else-eval-func-existing-block-fn-no-init.js => [0m[1m[32mPASSED
[0m[37m./test262/test/annexB/language/eval-code/direct/global-if-stmt-else-decl-eval-global-block-scoping.js => [0m[1m[33mFAILED
[0m[37m	> Test returned error: Uncaught TypeError: tried to call non function value
./test262/test/annexB/language/eval-code/direct/global-if-decl-else-decl-b-eval-global-skip-early-err-try.js => [0m[1m[33mFAILED
[0m[37m	> Test returned error: Uncaught TypeError: undefined has no properties
./test262/test/annexB/language/eval-code/direct/global-if-decl-no-else-eval-global-skip-early-err-try.js => [0m[1m[33mFAILED
[0m[37m	> Test returned error: Uncaught TypeError: undefined has no properties
./test262/test/annexB/language/eval-code/direct/global-switch-case-eval-global-block-scoping.js => [0m[1m[33mFAILED
[0m[37m	> Test returned error: Uncaught TypeError: tried to call non function value
./test262/test/annexB/language/eval-code/direct/global-switch-dflt-eval-global-block-scoping.js => [0m[1m[33mFAILED
[0m[37m	> Test returned error: Uncaught TypeError: tried to call non function value
./test262/test/annexB/language/eval-code/direct/func-if-decl-else-decl-a-eval-func-block-scoping.js => [0m[1m[32mPASSED
[0m[37m./test262/test/annexB/language/eval-code/direct/global-switch-case-eval-global-existing-fn-update.js => [0m[1m[32mPASSED
[0m[37m./test262/test/annexB/language/eval-code/direct/func-switch-case-eval-func-existing-fn-no-init.js => [0m[1m[33mFAILED
[0m[37m	> Test returned error: Uncaught TypeError: tried to call non function value
./test262/test/annexB/language/eval-code/direct/func-block-decl-eval-func-existing-var-no-init.js => [0m[1m[32mPASSED
[0m[37m./test262/test/annexB/language/eval-code/direct/func-if-decl-else-decl-a-eval-func-update.js => [0m[1m[32mPASSED
[0m[37m./test262/test/annexB/language/eval-code/direct/func-switch-case-eval-func-skip-early-err-for.js => [0m[1m[33mFAILED
[0m[37m	> Test returned error: Uncaught TypeError: undefined has no properties
./test262/test/annexB/language/eval-code/direct/func-if-decl-else-decl-b-eval-func-skip-early-err-for-of.js => [0m[1m[33mFAILED
[0m[37m	> Test returned error: Uncaught SyntaxError: error: unexpected token: found 'of' expected ';'
 --> ??:0:264
  |
1 | ...evaluation"    );        for (let f of [0]) {if (false) function _f() {} e...
  |                                        ^^ 

./test262/test/annexB/language/eval-code/direct/global-block-decl-eval-global-block-scoping.js => [0m[1m[33mFAILED
[0m[37m	> Test returned error: Uncaught TypeError: tried to call non function value
./test262/test/annexB/language/eval-code/direct/func-if-decl-else-decl-b-eval-func-skip-early-err-block.js => [0m[1m[33mFAILED
[0m[37m	> Test returned error: Uncaught TypeError: undefined has no properties
./test262/test/annexB/language/eval-code/direct/func-switch-dflt-eval-func-skip-early-err-for-of.js => [0m[1m[33mFAILED
[0m[37m	> Test returned error: Uncaught SyntaxError: error: unexpected token: found 'of' expected ';'
 --> ??:0:264
  |
1 | ...evaluation"    );        for (let f of [0]) {switch (1) {  default:    fun...
  |                                        ^^ 

./test262/test/annexB/language/eval-code/direct/func-switch-case-eval-func-skip-early-err-for-of.js => [0m[1m[33mFAILED
[0m[37m	> Test returned error: Uncaught SyntaxError: error: unexpected token: found 'of' expected ';'
 --> ??:0:264
  |
1 | ...evaluation"    );        for (let f of [0]) {switch (1) {  case 1:    func...
  |                                        ^^ 

./test262/test/annexB/language/eval-code/direct/func-block-decl-eval-func-skip-early-err-block.js => [0m[1m[33mFAILED
[0m[37m	> Test returned error: Uncaught TypeError: undefined has no properties
./test262/test/annexB/language/eval-code/direct/global-if-decl-else-decl-a-eval-global-skip-early-err.js => [0m[1m[33mFAILED
[0m[37m	> Test returned error: Uncaught SyntaxError: error: redeclared variable
 --> ??:0:103
  |
1 | ... to `undefined`");if (true) function f() {  } else function _f() {}assert....
  |                                         ^ variable redeclared here

./test262/test/annexB/language/eval-code/direct/func-if-decl-else-decl-b-eval-func-existing-var-update.js => [0m[1m[32mPASSED
[0m[37m./test262/test/annexB/language/eval-code/direct/func-block-decl-eval-func-init.js => [0m[1m[33mFAILED
[0m[37m	> Test returned error: Uncaught TypeError: undefined has no properties
./test262/test/annexB/language/eval-code/direct/func-if-decl-else-stmt-eval-func-existing-fn-update.js => [0m[1m[32mPASSED
[0m[37m./test262/test/annexB/language/eval-code/direct/func-if-stmt-else-decl-eval-func-no-skip-try.js => [0m[1m[32mPASSED
[0m[37m./test262/test/annexB/language/eval-code/direct/func-if-decl-no-else-eval-func-block-scoping.js => [0m[1m[32mPASSED
[0m[37m./test262/test/annexB/language/eval-code/direct/global-if-decl-else-decl-b-eval-global-existing-global-update.js => [0m[1m[31mERROR: 
[0m[37m	> failed to execute harness file `fnGlobalObject.js`: Uncaught TypeError: tried to call non function value
./test262/test/annexB/language/eval-code/direct/func-block-decl-eval-func-update.js => [0m[1m[32mPASSED
[0m[37m./test262/test/annexB/language/eval-code/direct/global-if-decl-else-decl-a-eval-global-no-skip-try.js => [0m[1m[32mPASSED
[0m[37m./test262/test/annexB/language/eval-code/direct/global-if-stmt-else-decl-eval-global-existing-global-update.js => [0m[1m[31mERROR: 
[0m[37m	> failed to execute harness file `fnGlobalObject.js`: Uncaught TypeError: tried to call non function value
./test262/test/annexB/language/eval-code/direct/func-if-stmt-else-decl-eval-func-no-skip-param.js => [0m[1m[33mFAILED
[0m[37m	> Test returned error: Uncaught Test262Error: binding is not initialized to `undefined` Expected SameValue(Â«undefinedÂ», Â«123Â») to be true
./test262/test/annexB/language/eval-code/direct/func-if-stmt-else-decl-eval-func-update.js => [0m[1m[32mPASSED
[0m[37m./test262/test/annexB/language/eval-code/direct/func-switch-dflt-eval-func-skip-early-err-for.js => [0m[1m[33mFAILED
[0m[37m	> Test returned error: Uncaught TypeError: undefined has no properties
./test262/test/annexB/language/eval-code/direct/global-switch-dflt-eval-global-skip-early-err-for-in.js => [0m[1m[33mFAILED
[0m[37m	> Test returned error: Uncaught TypeError: undefined has no properties
./test262/test/annexB/language/eval-code/direct/global-if-stmt-else-decl-eval-global-skip-early-err-switch.js => [0m[1m[33mFAILED
[0m[37m	> Test returned error: Uncaught TypeError: undefined has no properties
./test262/test/annexB/language/eval-code/direct/func-block-decl-eval-func-no-skip-param.js => [0m[1m[33mFAILED
[0m[37m	> Test returned error: Uncaught Test262Error: binding is not initialized to `undefined` Expected SameValue(Â«undefinedÂ», Â«123Â») to be true
./test262/test/annexB/language/eval-code/direct/func-if-decl-no-else-eval-func-no-skip-try.js => [0m[1m[32mPASSED
[0m[37m./test262/test/annexB/language/eval-code/direct/global-if-stmt-else-decl-eval-global-existing-var-no-init.js => [0m[1m[32mPASSED
[0m[37m./test262/test/annexB/language/eval-code/direct/func-switch-case-eval-func-init.js => [0m[1m[33mFAILED
[0m[37m	> Test returned error: Uncaught TypeError: undefined has no properties
./test262/test/annexB/language/eval-code/direct/func-if-decl-else-decl-b-eval-func-existing-fn-update.js => [0m[1m[32mPASSED
[0m[37m./test262/test/annexB/language/eval-code/direct/global-if-decl-else-decl-b-eval-global-skip-early-err-for-of.js => [0m[1m[33mFAILED
[0m[37m	> Test returned error: Uncaught TypeError: undefined has no properties
./test262/test/annexB/language/eval-code/direct/global-switch-dflt-eval-global-skip-early-err-for-of.js => [0m[1m[33mFAILED
[0m[37m	> Test returned error: Uncaught TypeError: undefined has no properties
./test262/test/annexB/language/eval-code/direct/global-switch-case-eval-global-skip-early-err-try.js => [0m[1m[33mFAILED
[0m[37m	> Test returned error: Uncaught TypeError: undefined has no properties
./test262/test/annexB/language/eval-code/direct/func-if-decl-else-decl-a-eval-func-skip-early-err-block.js => [0m[1m[33mFAILED
[0m[37m	> Test returned error: Uncaught TypeError: undefined has no properties
./test262/test/annexB/language/eval-code/direct/func-switch-dflt-eval-func-skip-early-err-for-in.js => [0m[1m[33mFAILED
[0m[37m	> Test returned error: Uncaught TypeError: undefined has no properties
./test262/test/annexB/language/eval-code/direct/func-if-decl-else-decl-a-eval-func-skip-early-err-for.js => [0m[1m[33mFAILED
[0m[37m	> Test returned error: Uncaught TypeError: undefined has no properties
./test262/test/annexB/language/eval-code/direct/global-if-decl-else-stmt-eval-global-skip-early-err-try.js => [0m[1m[33mFAILED
[0m[37m	> Test returned error: Uncaught TypeError: undefined has no properties
./test262/test/annexB/language/eval-code/direct/func-switch-dflt-eval-func-init.js => [0m[1m[33mFAILED
[0m[37m	> Test returned error: Uncaught TypeError: undefined has no properties
./test262/test/annexB/language/eval-code/direct/func-if-decl-else-decl-a-eval-func-existing-block-fn-update.js => [0m[1m[32mPASSED
[0m[37m./test262/test/annexB/language/eval-code/direct/global-if-decl-no-else-eval-global-existing-non-enumerable-global-init.js => [0m[1m[31mERROR: 
[0m[37m	> failed to execute harness file `fnGlobalObject.js`: Uncaught TypeError: tried to call non function value
./test262/test/annexB/language/eval-code/direct/global-switch-dflt-eval-global-update.js => [0m[1m[32mPASSED
[0m[37m./test262/test/annexB/language/eval-code/direct/func-switch-dflt-eval-func-skip-early-err-switch.js => [0m[1m[33mFAILED
[0m[37m	> Test returned error: Uncaught SyntaxError: error: redeclared variable
 --> ??:0:291
  |
1 | ...witch (0) {      default:        let f;switch (1) {  default:    function ...
  |                                         ^ variable redeclared here

./test262/test/annexB/language/eval-code/direct/func-if-stmt-else-decl-eval-func-skip-early-err-for-in.js => [0m[1m[33mFAILED
[0m[37m	> Test returned error: Uncaught TypeError: undefined has no properties
./test262/test/annexB/language/eval-code/direct/func-if-stmt-else-decl-eval-func-existing-var-no-init.js => [0m[1m[32mPASSED
[0m[37m./test262/test/annexB/language/eval-code/direct/global-if-decl-else-stmt-eval-global-update.js => [0m[1m[32mPASSED
[0m[37m./test262/test/annexB/language/eval-code/direct/func-if-decl-else-decl-a-eval-func-skip-early-err-for-in.js => [0m[1m[33mFAILED
[0m[37m	> Test returned error: Uncaught TypeError: undefined has no properties
./test262/test/annexB/language/eval-code/direct/global-switch-dflt-eval-global-existing-fn-update.js => [0m[1m[32mPASSED
[0m[37m./test262/test/annexB/language/eval-code/direct/global-if-stmt-else-decl-eval-global-existing-block-fn-update.js => [0m[1m[32mPASSED
[0m[37m./test262/test/annexB/language/eval-code/direct/global-block-decl-eval-global-skip-early-err-switch.js => [0m[1m[33mFAILED
[0m[37m	> Test returned error: Uncaught TypeError: undefined has no properties
./test262/test/annexB/language/eval-code/direct/func-if-decl-else-decl-a-eval-func-no-skip-try.js => [0m[1m[32mPASSED
[0m[37m./test262/test/annexB/language/eval-code/direct/func-if-decl-else-decl-a-eval-func-skip-early-err-for-of.js => [0m[1m[33mFAILED
[0m[37m	> Test returned error: Uncaught SyntaxError: error: unexpected token: found 'of' expected ';'
 --> ??:0:264
  |
1 | ...evaluation"    );        for (let f of [0]) {if (true) function f() {  } e...
  |                                        ^^ 

./test262/test/annexB/language/eval-code/direct/global-if-stmt-else-decl-eval-global-skip-early-err.js => [0m[1m[33mFAILED
[0m[37m	> Test returned error: Uncaught SyntaxError: error: redeclared variable
 --> ??:0:111
  |
1 | ...efined`");if (false) ; else function f() {  }assert.sameValue(f, 123, "val...
  |                                         ^ variable redeclared here

./test262/test/annexB/language/eval-code/direct/func-if-decl-else-decl-a-eval-func-existing-fn-no-init.js => [0m[1m[33mFAILED
[0m[37m	> Test returned error: Uncaught TypeError: tried to call non function value
./test262/test/annexB/language/eval-code/direct/func-if-decl-else-decl-b-eval-func-skip-early-err-for.js => [0m[1m[33mFAILED
[0m[37m	> Test returned error: Uncaught TypeError: undefined has no properties
./test262/test/annexB/language/eval-code/direct/global-if-decl-else-stmt-eval-global-skip-early-err-switch.js => [0m[1m[33mFAILED
[0m[37m	> Test returned error: Uncaught TypeError: undefined has no properties
./test262/test/annexB/language/eval-code/direct/func-if-decl-no-else-eval-func-no-skip-param.js => [0m[1m[33mFAILED
[0m[37m	> Test returned error: Uncaught Test262Error: binding is not initialized to `undefined` Expected SameValue(Â«undefinedÂ», Â«123Â») to be true
./test262/test/annexB/language/eval-code/direct/global-if-decl-else-decl-b-eval-global-skip-early-err-switch.js => [0m[1m[33mFAILED
[0m[37m	> Test returned error: Uncaught TypeError: undefined has no properties
./test262/test/annexB/language/eval-code/direct/func-if-stmt-else-decl-eval-func-skip-early-err-for.js => [0m[1m[33mFAILED
[0m[37m	> Test returned error: Uncaught TypeError: undefined has no properties
./test262/test/annexB/language/eval-code/direct/func-switch-dflt-eval-func-no-skip-try.js => [0m[1m[32mPASSED
[0m[37m./test262/test/annexB/language/eval-code/direct/global-switch-dflt-eval-global-existing-non-enumerable-global-init.js => [0m[1m[31mERROR: 
[0m[37m	> failed to execute harness file `fnGlobalObject.js`: Uncaught TypeError: tried to call non function value
./test262/test/annexB/language/eval-code/direct/global-if-decl-else-stmt-eval-global-skip-early-err-for.js => [0m[1m[33mFAILED
[0m[37m	> Test returned error: Uncaught TypeError: undefined has no properties
./test262/test/annexB/language/eval-code/direct/func-block-decl-eval-func-skip-early-err-for-of.js => [0m[1m[33mFAILED
[0m[37m	> Test returned error: Uncaught SyntaxError: error: unexpected token: found 'of' expected ';'
 --> ??:0:264
  |
1 | ...evaluation"    );        for (let f of [0]) {{ function f() {  } }}       ...
  |                                        ^^ 

./test262/test/annexB/language/eval-code/direct/func-if-decl-no-else-eval-func-existing-fn-no-init.js => [0m[1m[33mFAILED
[0m[37m	> Test returned error: Uncaught TypeError: tried to call non function value
./test262/test/annexB/language/eval-code/direct/func-switch-dflt-eval-func-existing-fn-update.js => [0m[1m[32mPASSED
[0m[37m./test262/test/annexB/language/eval-code/direct/global-block-decl-eval-global-existing-global-init.js => [0m[1m[31mERROR: 
[0m[37m	> failed to execute harness file `fnGlobalObject.js`: Uncaught TypeError: tried to call non function value
./test262/test/annexB/language/eval-code/direct/global-if-decl-else-decl-a-eval-global-existing-block-fn-update.js => [0m[1m[32mPASSED
[0m[37m./test262/test/annexB/language/eval-code/direct/global-if-decl-else-decl-a-eval-global-existing-fn-update.js => [0m[1m[32mPASSED
[0m[37m./test262/test/annexB/language/eval-code/direct/func-switch-case-eval-func-no-skip-try.js => [0m[1m[32mPASSED
[0m[37m./test262/test/annexB/language/eval-code/direct/global-if-decl-no-else-eval-global-existing-fn-update.js => [0m[1m[32mPASSED
[0m[37m./test262/test/annexB/language/eval-code/direct/global-if-decl-else-stmt-eval-global-skip-early-err-block.js => [0m[1m[33mFAILED
[0m[37m	> Test returned error: Uncaught TypeError: undefined has no properties
./test262/test/annexB/language/eval-code/direct/global-if-stmt-else-decl-eval-global-no-skip-try.js => [0m[1m[32mPASSED
[0m[37m./test262/test/annexB/language/eval-code/direct/func-switch-dflt-eval-func-skip-early-err-block.js => [0m[1m[33mFAILED
[0m[37m	> Test returned error: Uncaught TypeError: undefined has no properties
./test262/test/annexB/language/eval-code/direct/global-if-decl-else-stmt-eval-global-skip-early-err.js => [0m[1m[33mFAILED
[0m[37m	> Test returned error: Uncaught SyntaxError: error: redeclared variable
 --> ??:0:103
  |
1 | ... to `undefined`");if (true) function f() {  } else ;assert.sameValue(f, 12...
  |                                         ^ variable redeclared here

./test262/test/annexB/language/eval-code/direct/func-if-decl-no-else-eval-func-init.js => [0m[1m[33mFAILED
[0m[37m	> Test returned error: Uncaught TypeError: undefined has no properties
./test262/test/annexB/language/eval-code/direct/global-if-decl-no-else-eval-global-existing-block-fn-update.js => [0m[1m[32mPASSED
[0m[37m./test262/test/annexB/language/eval-code/direct/global-if-decl-no-else-eval-global-existing-block-fn-no-init.js => [0m[1m[32mPASSED
[0m[37m./test262/test/annexB/language/eval-code/direct/global-switch-case-eval-global-skip-early-err-for.js => [0m[1m[33mFAILED
[0m[37m	> Test returned error: Uncaught TypeError: undefined has no properties
./test262/test/annexB/language/eval-code/direct/global-switch-case-eval-global-init.js => [0m[1m[31mERROR: 
[0m[37m	> failed to execute harness file `fnGlobalObject.js`: Uncaught TypeError: tried to call non function value
./test262/test/annexB/language/eval-code/direct/func-if-decl-else-decl-a-eval-func-existing-block-fn-no-init.js => [0m[1m[32mPASSED
[0m[37m./test262/test/annexB/language/eval-code/direct/func-block-decl-eval-func-skip-early-err-try.js => [0m[1m[33mFAILED
[0m[37m	> Test returned error: Uncaught TypeError: undefined has no properties
./test262/test/annexB/language/eval-code/direct/global-if-stmt-else-decl-eval-global-update.js => [0m[1m[32mPASSED
[0m[37m./test262/test/annexB/language/eval-code/direct/func-switch-dflt-eval-func-existing-fn-no-init.js => [0m[1m[33mFAILED
[0m[37m	> Test returned error: Uncaught TypeError: tried to call non function value
./test262/test/annexB/language/eval-code/direct/func-if-decl-else-decl-a-eval-func-skip-early-err-switch.js => [0m[1m[33mFAILED
[0m[37m	> Test returned error: Uncaught SyntaxError: error: redeclared variable
 --> ??:0:291
  |
1 | ...witch (0) {      default:        let f;if (true) function f() {  } else fu...
  |                                         ^ variable redeclared here

./test262/test/annexB/language/eval-code/direct/global-if-decl-no-else-eval-global-existing-var-no-init.js => [0m[1m[32mPASSED
[0m[37m./test262/test/annexB/language/eval-code/direct/func-switch-case-eval-func-no-skip-param.js => [0m[1m[33mFAILED
[0m[37m	> Test returned error: Uncaught Test262Error: binding is not initialized to `undefined` Expected SameValue(Â«undefinedÂ», Â«123Â») to be true
./test262/test/annexB/language/eval-code/direct/global-if-decl-else-stmt-eval-global-existing-fn-update.js => [0m[1m[32mPASSED
[0m[37m./test262/test/annexB/language/eval-code/direct/func-if-decl-no-else-eval-func-skip-early-err-try.js => [0m[1m[33mFAILED
[0m[37m	> Test returned error: Uncaught TypeError: undefined has no properties
./test262/test/annexB/language/eval-code/direct/global-if-decl-no-else-eval-global-skip-early-err-block.js => [0m[1m[33mFAILED
[0m[37m	> Test returned error: Uncaught TypeError: undefined has no properties
./test262/test/annexB/language/eval-code/direct/global-if-decl-else-decl-a-eval-global-skip-early-err-try.js => [0m[1m[33mFAILED
[0m[37m	> Test returned error: Uncaught TypeError: undefined has no properties
./test262/test/annexB/language/eval-code/direct/global-if-decl-else-decl-b-eval-global-existing-fn-update.js => [0m[1m[32mPASSED
[0m[37m./test262/test/annexB/language/eval-code/direct/switch-case-decl-nostrict.js => [0m[1m[32mPASSED
[0m[37m./test262/test/annexB/language/eval-code/direct/global-switch-case-eval-global-existing-var-update.js => [0m[1m[32mPASSED
[0m[37m./test262/test/annexB/language/eval-code/direct/func-if-decl-else-stmt-eval-func-skip-early-err-try.js => [0m[1m[33mFAILED
[0m[37m	> Test returned error: Uncaught TypeError: undefined has no properties
./test262/test/annexB/language/eval-code/direct/global-if-decl-else-decl-a-eval-global-skip-early-err-for-of.js => [0m[1m[33mFAILED
[0m[37m	> Test returned error: Uncaught TypeError: undefined has no properties
./test262/test/annexB/language/eval-code/direct/global-if-stmt-else-decl-eval-global-skip-early-err-block.js => [0m[1m[33mFAILED
[0m[37m	> Test returned error: Uncaught TypeError: undefined has no properties
./test262/test/annexB/language/eval-code/direct/func-if-decl-else-decl-a-eval-func-skip-early-err.js => [0m[1m[33mFAILED
[0m[37m	> Test returned error: Uncaught SyntaxError: error: redeclared variable
 --> ??:0:44
  |
1 | ... 123;    init = f;if (true) function f() {  } else function _f() {}after = f;
  |                                         ^ variable redeclared here

./test262/test/annexB/language/eval-code/direct/func-if-decl-no-else-eval-func-update.js => [0m[1m[32mPASSED
[0m[37m./test262/test/annexB/language/eval-code/direct/func-block-decl-eval-func-existing-block-fn-update.js => [0m[1m[32mPASSED
[0m[37m./test262/test/annexB/language/eval-code/direct/global-switch-case-eval-global-update.js => [0m[1m[32mPASSED
[0m[37m./test262/test/annexB/language/eval-code/direct/block-decl-nostrict.js => [0m[1m[32mPASSED
[0m[37m./test262/test/annexB/language/eval-code/direct/func-if-decl-no-else-eval-func-skip-early-err-switch.js => [0m[1m[33mFAILED
[0m[37m	> Test returned error: Uncaught SyntaxError: error: redeclared variable
 --> ??:0:291
  |
1 | ...witch (0) {      default:        let f;if (true) function f() {  }}       ...
  |                                         ^ variable redeclared here

./test262/test/annexB/language/eval-code/direct/global-if-decl-else-decl-a-eval-global-existing-global-update.js => [0m[1m[31mERROR: 
[0m[37m	> failed to execute harness file `fnGlobalObject.js`: Uncaught TypeError: tried to call non function value
./test262/test/annexB/language/eval-code/direct/func-if-decl-no-else-eval-func-skip-early-err-block.js => [0m[1m[33mFAILED
[0m[37m	> Test returned error: Uncaught TypeError: undefined has no properties
./test262/test/annexB/language/eval-code/direct/global-block-decl-eval-global-existing-block-fn-no-init.js => [0m[1m[32mPASSED
[0m[37m./test262/test/annexB/language/eval-code/direct/global-block-decl-eval-global-skip-early-err-block.js => [0m[1m[33mFAILED
[0m[37m	> Test returned error: Uncaught TypeError: undefined has no properties
./test262/test/annexB/language/eval-code/direct/global-if-decl-else-decl-b-eval-global-init.js => [0m[1m[31mERROR: 
[0m[37m	> failed to execute harness file `fnGlobalObject.js`: Uncaught TypeError: tried to call non function value
./test262/test/annexB/language/eval-code/direct/global-if-stmt-else-decl-eval-global-skip-early-err-for-in.js => [0m[1m[33mFAILED
[0m[37m	> Test returned error: Uncaught TypeError: undefined has no properties
./test262/test/annexB/language/eval-code/direct/global-if-decl-else-stmt-eval-global-existing-var-update.js => [0m[1m[32mPASSED
[0m[37m./test262/test/annexB/language/eval-code/direct/global-if-decl-else-decl-b-eval-global-existing-fn-no-init.js => [0m[1m[33mFAILED
[0m[37m	> Test returned error: Uncaught TypeError: tried to call non function value
./test262/test/annexB/language/eval-code/direct/func-if-stmt-else-decl-eval-func-block-scoping.js => [0m[1m[32mPASSED
[0m[37m./test262/test/annexB/language/eval-code/direct/global-if-decl-else-decl-b-eval-global-skip-early-err.js => [0m[1m[33mFAILED
[0m[37m	> Test returned error: Uncaught SyntaxError: error: redeclared variable
 --> ??:0:126
  |
1 | ...alse) function _f() {} else function f() {  }assert.sameValue(f, 123, "val...
  |                                         ^ variable redeclared here

./test262/test/annexB/language/eval-code/direct/global-switch-case-eval-global-existing-global-init.js => [0m[1m[31mERROR: 
[0m[37m	> failed to execute harness file `fnGlobalObject.js`: Uncaught TypeError: tried to call non function value
./test262/test/annexB/language/eval-code/direct/func-if-decl-else-decl-b-eval-func-existing-block-fn-no-init.js => [0m[1m[32mPASSED
[0m[37m./test262/test/annexB/language/eval-code/direct/global-switch-case-eval-global-existing-non-enumerable-global-init.js => [0m[1m[31mERROR: 
[0m[37m	> failed to execute harness file `fnGlobalObject.js`: Uncaught TypeError: tried to call non function value
./test262/test/annexB/language/eval-code/direct/global-if-decl-no-else-eval-global-block-scoping.js => [0m[1m[33mFAILED
[0m[37m	> Test returned error: Uncaught TypeError: tried to call non function value
./test262/test/annexB/language/eval-code/direct/global-if-decl-else-decl-a-eval-global-existing-fn-no-init.js => [0m[1m[33mFAILED
[0m[37m	> Test returned error: Uncaught TypeError: tried to call non function value
./test262/test/annexB/language/eval-code/direct/func-if-decl-else-stmt-eval-func-skip-early-err-for-in.js => [0m[1m[33mFAILED
[0m[37m	> Test returned error: Uncaught TypeError: undefined has no properties
./test262/test/annexB/language/eval-code/direct/global-block-decl-eval-global-skip-early-err-for-in.js => [0m[1m[33mFAILED
[0m[37m	> Test returned error: Uncaught TypeError: undefined has no properties
./test262/test/annexB/language/eval-code/direct/global-if-decl-no-else-eval-global-update.js => [0m[1m[32mPASSED
[0m[37m./test262/test/annexB/language/eval-code/direct/func-if-decl-else-decl-a-eval-func-no-skip-param.js => [0m[1m[33mFAILED
[0m[37m	> Test returned error: Uncaught Test262Error: binding is not initialized to `undefined` Expected SameValue(Â«undefinedÂ», Â«123Â») to be true
./test262/test/annexB/language/eval-code/direct/func-switch-dflt-eval-func-update.js => [0m[1m[32mPASSED
[0m[37m./test262/test/annexB/language/eval-code/direct/global-block-decl-eval-global-existing-global-update.js => [0m[1m[31mERROR: 
[0m[37m	> failed to execute harness file `fnGlobalObject.js`: Uncaught TypeError: tried to call non function value
./test262/test/annexB/language/eval-code/direct/func-if-decl-no-else-eval-func-existing-block-fn-update.js => [0m[1m[32mPASSED
[0m[37m./test262/test/annexB/language/eval-code/direct/func-switch-dflt-eval-func-existing-block-fn-update.js => [0m[1m[32mPASSED
[0m[37m./test262/test/annexB/language/eval-code/direct/global-if-stmt-else-decl-eval-global-existing-fn-update.js => [0m[1m[32mPASSED
[0m[37m./test262/test/annexB/language/eval-code/direct/func-block-decl-eval-func-skip-early-err-switch.js => [0m[1m[33mFAILED
[0m[37m	> Test returned error: Uncaught SyntaxError: error: redeclared variable
 --> ??:0:291
  |
1 | ...witch (0) {      default:        let f;{ function f() {  } }}        asser...
  |                                         ^ variable redeclared here

./test262/test/annexB/language/eval-code/direct/func-switch-dflt-eval-func-existing-block-fn-no-init.js => [0m[1m[32mPASSED
[0m[37m./test262/test/annexB/language/eval-code/direct/func-if-stmt-else-decl-eval-func-skip-early-err-for-of.js => [0m[1m[33mFAILED
[0m[37m	> Test returned error: Uncaught SyntaxError: error: unexpected token: found 'of' expected ';'
 --> ??:0:264
  |
1 | ...evaluation"    );        for (let f of [0]) {if (false) ; else function f(...
  |                                        ^^ 

./test262/test/annexB/language/eval-code/direct/global-block-decl-eval-global-existing-non-enumerable-global-init.js => [0m[1m[31mERROR: 
[0m[37m	> failed to execute harness file `fnGlobalObject.js`: Uncaught TypeError: tried to call non function value
./test262/test/annexB/language/eval-code/direct/global-switch-dflt-eval-global-skip-early-err-switch.js => [0m[1m[33mFAILED
[0m[37m	> Test returned error: Uncaught TypeError: undefined has no properties
./test262/test/annexB/language/eval-code/direct/global-switch-dflt-eval-global-existing-var-no-init.js => [0m[1m[32mPASSED
[0m[37m./test262/test/annexB/language/eval-code/direct/func-if-decl-else-decl-b-eval-func-skip-early-err-try.js => [0m[1m[33mFAILED
[0m[37m	> Test returned error: Uncaught TypeError: undefined has no properties
./test262/test/annexB/language/eval-code/direct/global-if-decl-else-decl-b-eval-global-skip-early-err-for-in.js => [0m[1m[33mFAILED
[0m[37m	> Test returned error: Uncaught TypeError: undefined has no properties
./test262/test/annexB/language/eval-code/direct/func-switch-case-eval-func-existing-var-update.js => [0m[1m[32mPASSED
[0m[37m./test262/test/annexB/language/eval-code/direct/global-if-decl-no-else-eval-global-skip-early-err-for-in.js => [0m[1m[33mFAILED
[0m[37m	> Test returned error: Uncaught TypeError: undefined has no properties
./test262/test/annexB/language/eval-code/direct/global-if-decl-else-stmt-eval-global-existing-var-no-init.js => [0m[1m[32mPASSED
[0m[37m./test262/test/annexB/language/eval-code/direct/func-block-decl-eval-func-skip-early-err-for-in.js => [0m[1m[33mFAILED
[0m[37m	> Test returned error: Uncaught TypeError: undefined has no properties
./test262/test/annexB/language/eval-code/direct/func-switch-case-eval-func-existing-fn-update.js => [0m[1m[32mPASSED
[0m[37m./test262/test/annexB/language/eval-code/direct/global-switch-dflt-eval-global-existing-fn-no-init.js => [0m[1m[33mFAILED
[0m[37m	> Test returned error: Uncaught TypeError: tried to call non function value
./test262/test/annexB/language/eval-code/direct/global-block-decl-eval-global-existing-var-update.js => [0m[1m[32mPASSED
[0m[37m./test262/test/annexB/language/eval-code/direct/func-if-stmt-else-decl-eval-func-init.js => [0m[1m[33mFAILED
[0m[37m	> Test returned error: Uncaught TypeError: undefined has no properties
./test262/test/annexB/language/eval-code/direct/global-if-decl-else-decl-b-eval-global-existing-block-fn-update.js => [0m[1m[32mPASSED
[0m[37m./test262/test/annexB/language/eval-code/direct/func-block-decl-eval-func-existing-fn-no-init.js => [0m[1m[33mFAILED
[0m[37m	> Test returned error: Uncaught TypeError: tried to call non function value
./test262/test/annexB/language/eval-code/direct/func-block-decl-eval-func-skip-early-err-for.js => [0m[1m[33mFAILED
[0m[37m	> Test returned error: Uncaught TypeError: undefined has no properties
./test262/test/annexB/language/eval-code/direct/func-if-decl-else-decl-b-eval-func-existing-block-fn-update.js => [0m[1m[32mPASSED
[0m[37m./test262/test/annexB/language/eval-code/direct/func-if-decl-else-decl-b-eval-func-block-scoping.js => [0m[1m[32mPASSED
[0m[37m./test262/test/annexB/language/eval-code/direct/global-if-decl-else-decl-b-eval-global-existing-global-init.js => [0m[1m[31mERROR: 
[0m[37m	> failed to execute harness file `fnGlobalObject.js`: Uncaught TypeError: tried to call non function value
./test262/test/annexB/language/eval-code/direct/func-if-decl-else-decl-b-eval-func-init.js => [0m[1m[33mFAILED
[0m[37m	> Test returned error: Uncaught TypeError: undefined has no properties
./test262/test/annexB/language/eval-code/direct/func-if-decl-no-else-eval-func-existing-fn-update.js => [0m[1m[32mPASSED
[0m[37m./test262/test/annexB/language/eval-code/direct/global-if-decl-else-decl-a-eval-global-existing-var-no-init.js => [0m[1m[32mPASSED
[0m[37m./test262/test/annexB/language/eval-code/direct/global-if-decl-else-decl-a-eval-global-skip-early-err-for.js => [0m[1m[33mFAILED
[0m[37m	> Test returned error: Uncaught TypeError: undefined has no properties
./test262/test/annexB/language/eval-code/direct/func-switch-case-eval-func-skip-early-err-block.js => [0m[1m[33mFAILED
[0m[37m	> Test returned error: Uncaught TypeError: undefined has no properties
./test262/test/annexB/language/eval-code/direct/var-env-lower-lex-catch-non-strict.js => [0m[1m[33mFAILED
[0m[37m	> Test returned error: Uncaught SyntaxError: error: unexpected token: found '*' expected 'ident'
 --> ??:0:8
  |
1 | function* err() {}
  |         ^ 

./test262/test/annexB/language/eval-code/direct/global-if-decl-else-stmt-eval-global-block-scoping.js => [0m[1m[33mFAILED
[0m[37m	> Test returned error: Uncaught TypeError: tried to call non function value
./test262/test/annexB/language/eval-code/direct/func-if-stmt-else-decl-eval-func-existing-block-fn-no-init.js => [0m[1m[32mPASSED
[0m[37m./test262/test/annexB/language/eval-code/direct/global-if-decl-else-decl-b-eval-global-existing-var-no-init.js => [0m[1m[32mPASSED
[0m[37m./test262/test/annexB/language/eval-code/direct/func-block-decl-eval-func-existing-var-update.js => [0m[1m[32mPASSED
[0m[37m./test262/test/annexB/language/eval-code/direct/global-if-stmt-else-decl-eval-global-skip-early-err-try.js => [0m[1m[33mFAILED
[0m[37m	> Test returned error: Uncaught TypeError: undefined has no properties
./test262/test/annexB/language/eval-code/direct/global-if-stmt-else-decl-eval-global-existing-block-fn-no-init.js => [0m[1m[32mPASSED
[0m[37m./test262/test/annexB/language/eval-code/direct/func-if-decl-else-stmt-eval-func-existing-var-no-init.js => [0m[1m[32mPASSED
[0m[37m./test262/test/annexB/language/eval-code/direct/global-if-decl-else-stmt-eval-global-skip-early-err-for-of.js => [0m[1m[33mFAILED
[0m[37m	> Test returned error: Uncaught TypeError: undefined has no properties
./test262/test/annexB/language/eval-code/direct/func-if-decl-else-decl-b-eval-func-existing-var-no-init.js => [0m[1m[32mPASSED
[0m[37m./test262/test/annexB/language/eval-code/direct/func-if-stmt-else-decl-eval-func-skip-early-err-switch.js => [0m[1m[33mFAILED
[0m[37m	> Test returned error: Uncaught SyntaxError: error: redeclared variable
 --> ??:0:291
  |
1 | ...witch (0) {      default:        let f;if (false) ; else function f() {  }...
  |                                         ^ variable redeclared here

./test262/test/annexB/language/eval-code/direct/global-if-decl-no-else-eval-global-skip-early-err-switch.js => [0m[1m[33mFAILED
[0m[37m	> Test returned error: Uncaught TypeError: undefined has no properties
./test262/test/annexB/language/eval-code/direct/func-switch-dflt-eval-func-no-skip-param.js => [0m[1m[33mFAILED
[0m[37m	> Test returned error: Uncaught Test262Error: binding is not initialized to `undefined` Expected SameValue(Â«undefinedÂ», Â«123Â») to be true
./test262/test/annexB/language/eval-code/direct/func-if-stmt-else-decl-eval-func-existing-var-update.js => [0m[1m[32mPASSED
[0m[37m./test262/test/annexB/language/eval-code/direct/global-if-decl-else-decl-a-eval-global-block-scoping.js => [0m[1m[33mFAILED
[0m[37m	> Test returned error: Uncaught TypeError: tried to call non function value
./test262/test/annexB/language/eval-code/direct/global-switch-case-eval-global-existing-fn-no-init.js => [0m[1m[33mFAILED
[0m[37m	> Test returned error: Uncaught TypeError: tried to call non function value
./test262/test/annexB/language/eval-code/direct/global-switch-dflt-eval-global-skip-early-err-try.js => [0m[1m[33mFAILED
[0m[37m	> Test returned error: Uncaught TypeError: undefined has no properties
./test262/test/annexB/language/eval-code/direct/global-block-decl-eval-global-skip-early-err-for.js => [0m[1m[33mFAILED
[0m[37m	> Test returned error: Uncaught TypeError: undefined has no properties
./test262/test/annexB/language/eval-code/direct/global-if-decl-no-else-eval-global-existing-global-update.js => [0m[1m[31mERROR: 
[0m[37m	> failed to execute harness file `fnGlobalObject.js`: Uncaught TypeError: tried to call non function value
./test262/test/annexB/language/eval-code/direct/global-switch-case-eval-global-skip-early-err-for-of.js => [0m[1m[33mFAILED
[0m[37m	> Test returned error: Uncaught TypeError: undefined has no properties
./test262/test/annexB/language/eval-code/direct/func-block-decl-eval-func-existing-fn-update.js => [0m[1m[32mPASSED
[0m[37m./test262/test/annexB/language/eval-code/direct/global-if-decl-no-else-eval-global-existing-fn-no-init.js => [0m[1m[33mFAILED
[0m[37m	> Test returned error: Uncaught TypeError: tried to call non function value
./test262/test/annexB/language/eval-code/direct/global-block-decl-eval-global-existing-fn-no-init.js => [0m[1m[33mFAILED
[0m[37m	> Test returned error: Uncaught TypeError: tried to call non function value
./test262/test/annexB/language/eval-code/direct/global-if-decl-else-decl-b-eval-global-skip-early-err-block.js => [0m[1m[33mFAILED
[0m[37m	> Test returned error: Uncaught TypeError: undefined has no properties
./test262/test/annexB/language/eval-code/direct/func-if-decl-else-stmt-eval-func-existing-block-fn-update.js => [0m[1m[32mPASSED
[0m[37m./test262/test/annexB/language/eval-code/direct/global-switch-dflt-eval-global-existing-var-update.js => [0m[1m[32mPASSED
[0m[37m./test262/test/annexB/language/eval-code/direct/global-if-decl-else-decl-b-eval-global-skip-early-err-for.js => [0m[1m[33mFAILED
[0m[37m	> Test returned error: Uncaught TypeError: undefined has no properties
./test262/test/annexB/language/eval-code/direct/func-if-decl-else-decl-b-eval-func-no-skip-try.js => [0m[1m[32mPASSED
[0m[37m./test262/test/annexB/language/eval-code/direct/switch-dflt-decl-nostrict.js => [0m[1m[32mPASSED
[0m[37m./test262/test/annexB/language/eval-code/direct/func-switch-dflt-eval-func-existing-var-no-init.js => [0m[1m[32mPASSED
[0m[37m./test262/test/annexB/language/eval-code/direct/global-if-decl-else-decl-a-eval-global-init.js => [0m[1m[31mERROR: 
[0m[37m	> failed to execute harness file `fnGlobalObject.js`: Uncaught TypeError: tried to call non function value
./test262/test/annexB/language/eval-code/direct/func-if-decl-else-decl-b-eval-func-skip-early-err.js => [0m[1m[33mFAILED
[0m[37m	> Test returned error: Uncaught SyntaxError: error: redeclared variable
 --> ??:0:67
  |
1 | ...123;    init = f;if (false) function _f() {} else function f() {  }after = f;
  |                                                               ^ variable redeclared here

./test262/test/annexB/language/eval-code/direct/global-switch-case-eval-global-existing-block-fn-no-init.js => [0m[1m[32mPASSED
[0m[37m./test262/test/annexB/language/eval-code/direct/global-switch-dflt-eval-global-existing-global-update.js => [0m[1m[31mERROR: 
[0m[37m	> failed to execute harness file `fnGlobalObject.js`: Uncaught TypeError: tried to call non function value
./test262/test/annexB/language/eval-code/direct/global-switch-case-eval-global-existing-block-fn-update.js => [0m[1m[32mPASSED
[0m[37m./test262/test/annexB/language/eval-code/direct/global-if-decl-no-else-eval-global-skip-early-err.js => [0m[1m[33mFAILED
[0m[37m	> Test returned error: Uncaught SyntaxError: error: redeclared variable
 --> ??:0:103
  |
1 | ... to `undefined`");if (true) function f() {  }assert.sameValue(f, 123, "val...
  |                                         ^ variable redeclared here

./test262/test/annexB/language/eval-code/direct/func-if-decl-else-stmt-eval-func-existing-block-fn-no-init.js => [0m[1m[32mPASSED
[0m[37m./test262/test/annexB/language/eval-code/direct/global-if-decl-else-decl-a-eval-global-skip-early-err-block.js => [0m[1m[33mFAILED
[0m[37m	> Test returned error: Uncaught TypeError: undefined has no properties
./test262/test/annexB/language/eval-code/direct/func-if-decl-else-decl-a-eval-func-skip-early-err-try.js => [0m[1m[33mFAILED
[0m[37m	> Test returned error: Uncaught TypeError: undefined has no properties
./test262/test/annexB/language/eval-code/direct/func-if-decl-else-stmt-eval-func-skip-early-err.js => [0m[1m[33mFAILED
[0m[37m	> Test returned error: Uncaught SyntaxError: error: redeclared variable
 --> ??:0:44
  |
1 | let f = 123;    init = f;if (true) function f() {  } else ;after = f;
  |                                             ^ variable redeclared here

./test262/test/annexB/language/eval-code/direct/func-if-decl-no-else-eval-func-existing-var-update.js => [0m[1m[32mPASSED
[0m[37m./test262/test/annexB/language/eval-code/direct/func-if-decl-else-stmt-eval-func-existing-var-update.js => [0m[1m[32mPASSED
[0m[37m./test262/test/annexB/language/eval-code/direct/global-block-decl-eval-global-skip-early-err-try.js => [0m[1m[33mFAILED
[0m[37m	> Test returned error: Uncaught TypeError: undefined has no properties
./test262/test/annexB/language/eval-code/direct/func-block-decl-eval-func-no-skip-try.js => [0m[1m[32mPASSED
[0m[37m./test262/test/annexB/language/eval-code/direct/func-switch-case-eval-func-existing-block-fn-update.js => [0m[1m[32mPASSED
[0m[37m./test262/test/annexB/language/eval-code/direct/global-switch-case-eval-global-existing-var-no-init.js => [0m[1m[32mPASSED
[0m[37m./test262/test/annexB/language/eval-code/direct/global-if-decl-else-stmt-eval-global-no-skip-try.js => [0m[1m[32mPASSED
[0m[37m./test262/test/annexB/language/eval-code/direct/func-if-decl-else-decl-b-eval-func-update.js => [0m[1m[32mPASSED
[0m[37m./test262/test/annexB/language/eval-code/direct/global-if-decl-else-decl-b-eval-global-no-skip-try.js => [0m[1m[32mPASSED
[0m[37m./test262/test/annexB/language/eval-code/direct/global-switch-dflt-eval-global-skip-early-err-for.js => [0m[1m[33mFAILED
[0m[37m	> Test returned error: Uncaught TypeError: undefined has no properties
./test262/test/annexB/language/eval-code/direct/global-switch-case-eval-global-skip-early-err.js => [0m[1m[33mFAILED
[0m[37m	> Test returned error: Uncaught SyntaxError: error: redeclared variable
 --> ??:0:118
  |
1 | ...");switch (1) {  case 1:    function f() {  }}  assert.sameValue(f, 123, "...
  |                                         ^ variable redeclared here

./test262/test/annexB/language/eval-code/direct/global-if-decl-else-decl-a-eval-global-skip-early-err-switch.js => [0m[1m[33mFAILED
[0m[37m	> Test returned error: Uncaught TypeError: undefined has no properties
./test262/test/annexB/language/eval-code/direct/func-if-decl-no-else-eval-func-skip-early-err-for.js => [0m[1m[33mFAILED
[0m[37m	> Test returned error: Uncaught TypeError: undefined has no properties
./test262/test/annexB/language/eval-code/direct/global-if-stmt-else-decl-eval-global-existing-non-enumerable-global-init.js => [0m[1m[31mERROR: 
[0m[37m	> failed to execute harness file `fnGlobalObject.js`: Uncaught TypeError: tried to call non function value
./test262/test/annexB/language/eval-code/direct/func-if-decl-else-decl-a-eval-func-existing-var-update.js => [0m[1m[32mPASSED
[0m[37m./test262/test/annexB/language/eval-code/direct/global-switch-case-eval-global-skip-early-err-block.js => [0m[1m[33mFAILED
[0m[37m	> Test returned error: Uncaught TypeError: undefined has no properties
./test262/test/annexB/language/eval-code/direct/global-if-decl-else-decl-a-eval-global-skip-early-err-for-in.js => [0m[1m[33mFAILED
[0m[37m	> Test returned error: Uncaught TypeError: undefined has no properties
./test262/test/annexB/language/eval-code/direct/global-switch-dflt-eval-global-no-skip-try.js => [0m[1m[32mPASSED
[0m[37m./test262/test/annexB/language/eval-code/direct/global-switch-case-eval-global-no-skip-try.js => [0m[1m[32mPASSED
[0m[37m./test262/test/annexB/language/eval-code/direct/global-if-decl-no-else-eval-global-existing-global-init.js => [0m[1m[31mERROR: 
[0m[37m	> failed to execute harness file `fnGlobalObject.js`: Uncaught TypeError: tried to call non function value
./test262/test/annexB/language/eval-code/direct/global-block-decl-eval-global-update.js => [0m[1m[32mPASSED
[0m[37m./test262/test/annexB/language/eval-code/direct/func-switch-case-eval-func-skip-early-err-switch.js => [0m[1m[33mFAILED
[0m[37m	> Test returned error: Uncaught SyntaxError: error: redeclared variable
 --> ??:0:291
  |
1 | ...witch (0) {      default:        let f;switch (1) {  case 1:    function f...
  |                                         ^ variable redeclared here

./test262/test/annexB/language/eval-code/direct/global-if-stmt-else-decl-eval-global-existing-global-init.js => [0m[1m[31mERROR: 
[0m[37m	> failed to execute harness file `fnGlobalObject.js`: Uncaught TypeError: tried to call non function value
./test262/test/annexB/language/eval-code/direct/func-if-decl-else-stmt-eval-func-block-scoping.js => [0m[1m[32mPASSED
[0m[37m./test262/test/annexB/language/eval-code/direct/func-if-decl-else-stmt-eval-func-no-skip-param.js => [0m[1m[33mFAILED
[0m[37m	> Test returned error: Uncaught Test262Error: binding is not initialized to `undefined` Expected SameValue(Â«undefinedÂ», Â«123Â») to be true
./test262/test/annexB/language/eval-code/direct/global-if-decl-else-decl-b-eval-global-update.js => [0m[1m[32mPASSED
[0m[37m./test262/test/annexB/language/eval-code/direct/func-if-stmt-else-decl-eval-func-skip-early-err-try.js => [0m[1m[33mFAILED
[0m[37m	> Test returned error: Uncaught TypeError: undefined has no properties
./test262/test/annexB/language/eval-code/direct/global-if-decl-else-decl-a-eval-global-existing-non-enumerable-global-init.js => [0m[1m[31mERROR: 
[0m[37m	> failed to execute harness file `fnGlobalObject.js`: Uncaught TypeError: tried to call non function value
./test262/test/annexB/language/eval-code/direct/global-block-decl-eval-global-existing-block-fn-update.js => [0m[1m[32mPASSED
[0m[37m./test262/test/annexB/language/eval-code/direct/global-block-decl-eval-global-existing-var-no-init.js => [0m[1m[32mPASSED
[0m[37m./test262/test/annexB/language/eval-code/direct/func-block-decl-eval-func-block-scoping.js => [0m[1m[32mPASSED
[0m[37m./test262/test/annexB/language/eval-code/direct/func-if-decl-no-else-eval-func-skip-early-err-for-in.js => [0m[1m[33mFAILED
[0m[37m	> Test returned error: Uncaught TypeError: undefined has no properties
./test262/test/annexB/language/eval-code/direct/func-if-stmt-else-decl-eval-func-existing-block-fn-update.js => [0m[1m[32mPASSED
[0m[37m./test262/test/annexB/language/eval-code/direct/func-if-decl-else-stmt-eval-func-no-skip-try.js => [0m[1m[32mPASSED
[0m[37m./test262/test/annexB/language/eval-code/direct/global-if-decl-else-decl-a-eval-global-update.js => [0m[1m[32mPASSED
[0m[37m./test262/test/annexB/language/eval-code/direct/func-if-stmt-else-decl-eval-func-existing-fn-update.js => [0m[1m[32mPASSED
[0m[37m./test262/test/annexB/language/eval-code/direct/global-switch-dflt-eval-global-existing-block-fn-update.js => [0m[1m[32mPASSED
[0m[37m./test262/test/annexB/language/eval-code/direct/func-block-decl-eval-func-skip-early-err.js => [0m[1m[33mFAILED
[0m[37m	> Test returned error: Uncaught SyntaxError: error: redeclared variable
 --> ??:0:36
  |
1 | let f = 123;    init = f;{ function f() {  } }after = f;
  |                                     ^ variable redeclared here

./test262/test/annexB/language/eval-code/direct/global-if-decl-else-decl-a-eval-global-existing-var-update.js => [0m[1m[32mPASSED
[0m[37m./test262/test/annexB/language/eval-code/direct/global-if-decl-no-else-eval-global-skip-early-err-for-of.js => [0m[1m[33mFAILED
[0m[37m	> Test returned error: Uncaught TypeError: undefined has no properties
./test262/test/annexB/language/eval-code/direct/func-if-decl-else-decl-a-eval-func-init.js => [0m[1m[33mFAILED
[0m[37m	> Test returned error: Uncaught TypeError: undefined has no properties
./test262/test/annexB/language/eval-code/direct/global-block-decl-eval-global-no-skip-try.js => [0m[1m[32mPASSED
[0m[37m./test262/test/annexB/language/eval-code/direct/global-if-stmt-else-decl-eval-global-existing-fn-no-init.js => [0m[1m[33mFAILED
[0m[37m	> Test returned error: Uncaught TypeError: tried to call non function value
./test262/test/annexB/language/eval-code/direct/global-if-decl-else-decl-a-eval-global-existing-global-init.js => [0m[1m[31mERROR: 
[0m[37m	> failed to execute harness file `fnGlobalObject.js`: Uncaught TypeError: tried to call non function value
./test262/test/annexB/language/eval-code/direct/func-block-decl-eval-func-existing-block-fn-no-init.js => [0m[1m[32mPASSED
[0m[37m./test262/test/annexB/language/eval-code/direct/func-switch-dflt-eval-func-skip-early-err-try.js => [0m[1m[33mFAILED
[0m[37m	> Test returned error: Uncaught TypeError: undefined has no properties
./test262/test/annexB/language/eval-code/direct/global-if-decl-else-decl-b-eval-global-existing-var-update.js => [0m[1m[32mPASSED
[0m[37m./test262/test/annexB/language/eval-code/direct/global-switch-dflt-eval-global-skip-early-err-block.js => [0m[1m[33mFAILED
[0m[37m	> Test returned error: Uncaught TypeError: undefined has no properties
./test262/test/annexB/language/eval-code/direct/func-switch-case-eval-func-skip-early-err-try.js => [0m[1m[33mFAILED
[0m[37m	> Test returned error: Uncaught TypeError: undefined has no properties
./test262/test/annexB/language/eval-code/direct/func-if-decl-else-decl-b-eval-func-existing-fn-no-init.js => [0m[1m[33mFAILED
[0m[37m	> Test returned error: Uncaught TypeError: tried to call non function value
./test262/test/annexB/language/eval-code/direct/func-switch-case-eval-func-block-scoping.js => [0m[1m[32mPASSED
[0m[37m./test262/test/annexB/language/eval-code/direct/func-if-decl-else-stmt-eval-func-init.js => [0m[1m[33mFAILED
[0m[37m	> Test returned error: Uncaught TypeError: undefined has no properties
./test262/test/annexB/language/eval-code/direct/global-if-decl-no-else-eval-global-no-skip-try.js => [0m[1m[32mPASSED
[0m[37m./test262/test/annexB/language/eval-code/direct/func-if-decl-else-decl-b-eval-func-no-skip-param.js => [0m[1m[33mFAILED
[0m[37m	> Test returned error: Uncaught Test262Error: binding is not initialized to `undefined` Expected SameValue(Â«undefinedÂ», Â«123Â») to be true
./test262/test/annexB/language/eval-code/direct/func-if-decl-else-decl-b-eval-func-skip-early-err-switch.js => [0m[1m[33mFAILED
[0m[37m	> Test returned error: Uncaught SyntaxError: error: redeclared variable
 --> ??:0:291
  |
1 | ...witch (0) {      default:        let f;if (false) function _f() {} else fu...
  |                                         ^ variable redeclared here

./test262/test/annexB/language/eval-code/direct/global-if-decl-else-stmt-eval-global-skip-early-err-for-in.js => [0m[1m[33mFAILED
[0m[37m	> Test returned error: Uncaught TypeError: undefined has no properties
./test262/test/annexB/language/eval-code/direct/func-if-decl-no-else-eval-func-existing-var-no-init.js => [0m[1m[32mPASSED
[0m[37m./test262/test/annexB/language/eval-code/direct/global-switch-dflt-eval-global-existing-block-fn-no-init.js => [0m[1m[32mPASSED
[0m[37m./test262/test/annexB/language/eval-code/direct/func-switch-case-eval-func-skip-early-err-for-in.js => [0m[1m[33mFAILED
[0m[37m	> Test returned error: Uncaught TypeError: undefined has no properties
./test262/test/annexB/language/eval-code/direct/global-block-decl-eval-global-skip-early-err.js => [0m[1m[33mFAILED
[0m[37m	> Test returned error: Uncaught SyntaxError: error: redeclared variable
 --> ??:0:95
  |
1 | ...tialized to `undefined`");{ function f() {  } }assert.sameValue(f, 123, "v...
  |                                         ^ variable redeclared here

./test262/test/annexB/language/eval-code/direct/global-if-decl-no-else-eval-global-existing-var-update.js => [0m[1m[32mPASSED
[0m[37m./test262/test/annexB/language/eval-code/direct/func-if-decl-else-decl-b-eval-func-skip-early-err-for-in.js => [0m[1m[33mFAILED
[0m[37m	> Test returned error: Uncaught TypeError: undefined has no properties
./test262/test/annexB/language/eval-code/direct/func-switch-dflt-eval-func-block-scoping.js => [0m[1m[32mPASSED
[0m[37m./test262/test/annexB/language/eval-code/direct/func-switch-case-eval-func-existing-block-fn-no-init.js => [0m[1m[32mPASSED
[0m[37m./test262/test/annexB/language/eval-code/direct/func-if-decl-else-stmt-eval-func-skip-early-err-for.js => [0m[1m[33mFAILED
[0m[37m	> Test returned error: Uncaught TypeError: undefined has no properties
./test262/test/annexB/language/eval-code/direct/func-switch-dflt-eval-func-skip-early-err.js => [0m[1m[33mFAILED
[0m[37m	> Test returned error: Uncaught SyntaxError: error: redeclared variable
 --> ??:0:60
  |
1 | ...= 123;    init = f;switch (1) {  default:    function f() {  }}    after = f;
  |                                                          ^ variable redeclared here

./test262/test/annexB/language/eval-code/direct/global-if-decl-else-stmt-eval-global-existing-non-enumerable-global-init.js => [0m[1m[31mERROR: 
[0m[37m	> failed to execute harness file `fnGlobalObject.js`: Uncaught TypeError: tried to call non function value
./test262/test/annexB/language/eval-code/direct/global-if-stmt-else-decl-eval-global-existing-var-update.js => [0m[1m[32mPASSED
[0m[37m./test262/test/annexB/language/eval-code/direct/global-switch-case-eval-global-skip-early-err-switch.js => [0m[1m[33mFAILED
[0m[37m	> Test returned error: Uncaught TypeError: undefined has no properties
./test262/test/annexB/language/eval-code/direct/global-if-decl-else-decl-a-eval-global-existing-block-fn-no-init.js => [0m[1m[32mPASSED
[0m[37m./test262/test/annexB/language/eval-code/direct/global-if-decl-else-stmt-eval-global-existing-global-init.js => [0m[1m[31mERROR: 
[0m[37m	> failed to execute harness file `fnGlobalObject.js`: Uncaught TypeError: tried to call non function value
./test262/test/annexB/language/eval-code/direct/func-if-decl-else-decl-a-eval-func-existing-var-no-init.js => [0m[1m[32mPASSED
[0m[37m./test262/test/annexB/language/eval-code/direct/global-if-stmt-else-decl-eval-global-skip-early-err-for.js => [0m[1m[33mFAILED
[0m[37m	> Test returned error: Uncaught TypeError: undefined has no properties
./test262/test/annexB/language/eval-code/direct/func-switch-case-eval-func-update.js => [0m[1m[32mPASSED
[0m[37m./test262/test/annexB/language/eval-code/direct/func-if-decl-no-else-eval-func-skip-early-err-for-of.js => [0m[1m[33mFAILED
[0m[37m	> Test returned error: Uncaught SyntaxError: error: unexpected token: found 'of' expected ';'
 --> ??:0:264
  |
1 | ...evaluation"    );        for (let f of [0]) {if (true) function f() {  }} ...
  |                                        ^^ 

./test262/test/annexB/language/eval-code/direct/func-switch-case-eval-func-skip-early-err.js => [0m[1m[33mFAILED
[0m[37m	> Test returned error: Uncaught SyntaxError: error: redeclared variable
 --> ??:0:59
  |
1 | ... = 123;    init = f;switch (1) {  case 1:    function f() {  }}    after = f;
  |                                                          ^ variable redeclared here

./test262/test/annexB/language/eval-code/direct/func-if-decl-else-stmt-eval-func-skip-early-err-for-of.js => [0m[1m[33mFAILED
[0m[37m	> Test returned error: Uncaught SyntaxError: error: unexpected token: found 'of' expected ';'
 --> ??:0:264
  |
1 | ...evaluation"    );        for (let f of [0]) {if (true) function f() {  } e...
  |                                        ^^ 

./test262/test/annexB/language/eval-code/direct/global-if-decl-else-stmt-eval-global-existing-block-fn-update.js => [0m[1m[32mPASSED
[0m[37m./test262/test/annexB/language/eval-code/direct/global-if-stmt-else-decl-eval-global-skip-early-err-for-of.js => [0m[1m[33mFAILED
[0m[37m	> Test returned error: Uncaught TypeError: undefined has no properties
./test262/test/annexB/language/eval-code/direct/func-switch-case-eval-func-existing-var-no-init.js => [0m[1m[32mPASSED
[0m[37m./test262/test/annexB/language/eval-code/direct/func-if-decl-else-stmt-eval-func-skip-early-err-switch.js => [0m[1m[33mFAILED
[0m[37m	> Test returned error: Uncaught SyntaxError: error: redeclared variable
 --> ??:0:291
  |
1 | ...witch (0) {      default:        let f;if (true) function f() {  } else ;}...
  |                                         ^ variable redeclared here

./test262/test/annexB/language/eval-code/direct/global-if-decl-else-stmt-eval-global-existing-block-fn-no-init.js => [0m[1m[32mPASSED
[0m[37m./test262/test/annexB/language/eval-code/direct/global-switch-case-eval-global-skip-early-err-for-in.js => [0m[1m[33mFAILED
[0m[37m	> Test returned error: Uncaught TypeError: undefined has no properties
./test262/test/annexB/language/eval-code/direct/global-block-decl-eval-global-existing-fn-update.js => [0m[1m[32mPASSED
[0m[37m./test262/test/annexB/language/eval-code/direct/global-if-decl-no-else-eval-global-skip-early-err-for.js => [0m[1m[33mFAILED
[0m[37m	> Test returned error: Uncaught TypeError: undefined has no properties
./test262/test/annexB/language/eval-code/direct/global-if-decl-else-stmt-eval-global-existing-fn-no-init.js => [0m[1m[33mFAILED
[0m[37m	> Test returned error: Uncaught TypeError: tried to call non function value
./test262/test/annexB/language/eval-code/direct/func-switch-dflt-eval-func-existing-var-update.js => [0m[1m[32mPASSED
[0m[37m./test262/test/annexB/language/eval-code/direct/global-if-stmt-else-decl-eval-global-init.js => [0m[1m[31mERROR: 
[0m[37m	> failed to execute harness file `fnGlobalObject.js`: Uncaught TypeError: tried to call non function value
./test262/test/annexB/language/eval-code/direct/func-if-decl-no-else-eval-func-skip-early-err.js => [0m[1m[33mFAILED
[0m[37m	> Test returned error: Uncaught SyntaxError: error: redeclared variable
 --> ??:0:44
  |
1 | let f = 123;    init = f;if (true) function f() {  }after = f;
  |                                             ^ variable redeclared here

./test262/test/annexB/language/eval-code/direct/func-if-decl-else-decl-a-eval-func-existing-fn-update.js => [0m[1m[32mPASSED
[0m[37m./test262/test/annexB/language/eval-code/direct/func-if-decl-else-stmt-eval-func-skip-early-err-block.js => [0m[1m[33mFAILED
[0m[37m	> Test returned error: Uncaught TypeError: undefined has no properties
./test262/test/annexB/language/eval-code/direct/global-block-decl-eval-global-skip-early-err-for-of.js => [0m[1m[33mFAILED
[0m[37m	> Test returned error: Uncaught TypeError: undefined has no properties
./test262/test/annexB/language/eval-code/direct/global-if-decl-no-else-eval-global-init.js => [0m[1m[31mERROR: 
[0m[37m	> failed to execute harness file `fnGlobalObject.js`: Uncaught TypeError: tried to call non function value
./test262/test/annexB/language/eval-code/direct/global-if-decl-else-decl-b-eval-global-existing-non-enumerable-global-init.js => [0m[1m[31mERROR: 
[0m[37m	> failed to execute harness file `fnGlobalObject.js`: Uncaught TypeError: tried to call non function value
./test262/test/annexB/language/eval-code/direct/global-if-decl-else-decl-b-eval-global-existing-block-fn-no-init.js => [0m[1m[32mPASSED
[0m[37m./test262/test/annexB/language/eval-code/direct/func-if-stmt-else-decl-eval-func-existing-fn-no-init.js => [0m[1m[33mFAILED
[0m[37m	> Test returned error: Uncaught TypeError: tried to call non function value
./test262/test/annexB/language/eval-code/direct/global-switch-dflt-eval-global-skip-early-err.js => [0m[1m[33mFAILED
[0m[37m	> Test returned error: Uncaught SyntaxError: error: redeclared variable
 --> ??:0:119
  |
1 | ...);switch (1) {  default:    function f() {  }}  assert.sameValue(f, 123, "...
  |                                         ^ variable redeclared here

./test262/test/annexB/language/eval-code/direct/global-switch-dflt-eval-global-existing-global-init.js => [0m[1m[31mERROR: 
[0m[37m	> failed to execute harness file `fnGlobalObject.js`: Uncaught TypeError: tried to call non function value
./test262/test/annexB/language/eval-code/direct/func-if-decl-else-stmt-eval-func-existing-fn-no-init.js => [0m[1m[33mFAILED
[0m[37m	> Test returned error: Uncaught TypeError: tried to call non function value
./test262/test/annexB/language/eval-code/direct/global-if-decl-else-stmt-eval-global-existing-global-update.js => [0m[1m[31mERROR: 
[0m[37m	> failed to execute harness file `fnGlobalObject.js`: Uncaught TypeError: tried to call non function value
./test262/test/annexB/language/eval-code/direct/func-if-stmt-else-decl-eval-func-skip-early-err.js => [0m[1m[33mFAILED
[0m[37m	> Test returned error: Uncaught SyntaxError: error: redeclared variable
 --> ??:0:52
  |
1 | let f = 123;    init = f;if (false) ; else function f() {  }after = f;
  |                                                     ^ variable redeclared here

./test262/test/annexB/language/eval-code/direct/global-block-decl-eval-global-init.js => [0m[1m[31mERROR: 
[0m[37m	> failed to execute harness file `fnGlobalObject.js`: Uncaught TypeError: tried to call non function value
./test262/test/annexB/language/eval-code/direct/global-if-decl-else-decl-b-eval-global-block-scoping.js => [0m[1m[33mFAILED
[0m[37m	> Test returned error: Uncaught TypeError: tried to call non function value
./test262/test/annexB/language/eval-code/direct/func-if-decl-else-stmt-eval-func-update.js => [0m[1m[32mPASSED
[0m[37m./test262/test/annexB/language/eval-code/direct/func-if-stmt-else-decl-eval-func-skip-early-err-block.js => [0m[1m[33mFAILED
[0m[37m	> Test returned error: Uncaught TypeError: undefined has no properties
./test262/test/annexB/language/eval-code/direct/global-if-decl-else-stmt-eval-global-init.js => [0m[1m[31mERROR: 
[0m[37m	> failed to execute harness file `fnGlobalObject.js`: Uncaught TypeError: tried to call non function value
./test262/test/annexB/language/eval-code/direct/global-switch-dflt-eval-global-init.js => [0m[1m[31mERROR: 
[0m[37m	> failed to execute harness file `fnGlobalObject.js`: Uncaught TypeError: tried to call non function value
./test262/test/annexB/language/eval-code/indirect/global-switch-case-eval-global-existing-global-update.js => [0m[1m[31mERROR: 
[0m[37m	> failed to execute harness file `fnGlobalObject.js`: Uncaught TypeError: tried to call non function value
./test262/test/annexB/language/eval-code/indirect/global-if-stmt-else-decl-eval-global-block-scoping.js => [0m[1m[33mFAILED
[0m[37m	> Test returned error: Uncaught TypeError: tried to call non function value
./test262/test/annexB/language/eval-code/indirect/global-if-decl-else-decl-b-eval-global-skip-early-err-try.js => [0m[1m[33mFAILED
[0m[37m	> Test returned error: Uncaught TypeError: undefined has no properties
./test262/test/annexB/language/eval-code/indirect/global-if-decl-no-else-eval-global-skip-early-err-try.js => [0m[1m[33mFAILED
[0m[37m	> Test returned error: Uncaught TypeError: undefined has no properties
./test262/test/annexB/language/eval-code/indirect/global-switch-case-eval-global-block-scoping.js => [0m[1m[33mFAILED
[0m[37m	> Test returned error: Uncaught TypeError: tried to call non function value
./test262/test/annexB/language/eval-code/indirect/global-switch-dflt-eval-global-block-scoping.js => [0m[1m[33mFAILED
[0m[37m	> Test returned error: Uncaught TypeError: tried to call non function value
./test262/test/annexB/language/eval-code/indirect/global-switch-case-eval-global-existing-fn-update.js => [0m[1m[32mPASSED
[0m[37m./test262/test/annexB/language/eval-code/indirect/global-block-decl-eval-global-block-scoping.js => [0m[1m[33mFAILED
[0m[37m	> Test returned error: Uncaught TypeError: tried to call non function value
./test262/test/annexB/language/eval-code/indirect/global-if-decl-else-decl-a-eval-global-skip-early-err.js => [0m[1m[33mFAILED
[0m[37m	> Test returned error: Uncaught SyntaxError: error: redeclared variable
 --> ??:0:103
  |
1 | ... to `undefined`");if (true) function f() {  } else function _f() {}assert....
  |                                         ^ variable redeclared here

./test262/test/annexB/language/eval-code/indirect/global-if-decl-else-decl-b-eval-global-existing-global-update.js => [0m[1m[31mERROR: 
[0m[37m	> failed to execute harness file `fnGlobalObject.js`: Uncaught TypeError: tried to call non function value
./test262/test/annexB/language/eval-code/indirect/global-if-decl-else-decl-a-eval-global-no-skip-try.js => [0m[1m[32mPASSED
[0m[37m./test262/test/annexB/language/eval-code/indirect/global-if-stmt-else-decl-eval-global-existing-global-update.js => [0m[1m[31mERROR: 
[0m[37m	> failed to execute harness file `fnGlobalObject.js`: Uncaught TypeError: tried to call non function value
./test262/test/annexB/language/eval-code/indirect/global-switch-dflt-eval-global-skip-early-err-for-in.js => [0m[1m[33mFAILED
[0m[37m	> Test returned error: Uncaught TypeError: undefined has no properties
./test262/test/annexB/language/eval-code/indirect/global-if-stmt-else-decl-eval-global-skip-early-err-switch.js => [0m[1m[33mFAILED
[0m[37m	> Test returned error: Uncaught TypeError: undefined has no properties
./test262/test/annexB/language/eval-code/indirect/global-if-stmt-else-decl-eval-global-existing-var-no-init.js => [0m[1m[32mPASSED
[0m[37m./test262/test/annexB/language/eval-code/indirect/global-if-decl-else-decl-b-eval-global-skip-early-err-for-of.js => [0m[1m[33mFAILED
[0m[37m	> Test returned error: Uncaught TypeError: undefined has no properties
./test262/test/annexB/language/eval-code/indirect/global-switch-dflt-eval-global-skip-early-err-for-of.js => [0m[1m[33mFAILED
[0m[37m	> Test returned error: Uncaught TypeError: undefined has no properties
./test262/test/annexB/language/eval-code/indirect/global-switch-case-eval-global-skip-early-err-try.js => [0m[1m[33mFAILED
[0m[37m	> Test returned error: Uncaught TypeError: undefined has no properties
./test262/test/annexB/language/eval-code/indirect/global-if-decl-else-stmt-eval-global-skip-early-err-try.js => [0m[1m[33mFAILED
[0m[37m	> Test returned error: Uncaught TypeError: undefined has no properties
./test262/test/annexB/language/eval-code/indirect/global-if-decl-no-else-eval-global-existing-non-enumerable-global-init.js => [0m[1m[31mERROR: 
[0m[37m	> failed to execute harness file `fnGlobalObject.js`: Uncaught TypeError: tried to call non function value
./test262/test/annexB/language/eval-code/indirect/global-switch-dflt-eval-global-update.js => [0m[1m[32mPASSED
[0m[37m./test262/test/annexB/language/eval-code/indirect/global-if-decl-else-stmt-eval-global-update.js => [0m[1m[32mPASSED
[0m[37m./test262/test/annexB/language/eval-code/indirect/global-switch-dflt-eval-global-existing-fn-update.js => [0m[1m[32mPASSED
[0m[37m./test262/test/annexB/language/eval-code/indirect/global-if-stmt-else-decl-eval-global-existing-block-fn-update.js => [0m[1m[32mPASSED
[0m[37m./test262/test/annexB/language/eval-code/indirect/global-block-decl-eval-global-skip-early-err-switch.js => [0m[1m[33mFAILED
[0m[37m	> Test returned error: Uncaught TypeError: undefined has no properties
./test262/test/annexB/language/eval-code/indirect/global-if-stmt-else-decl-eval-global-skip-early-err.js => [0m[1m[33mFAILED
[0m[37m	> Test returned error: Uncaught SyntaxError: error: redeclared variable
 --> ??:0:111
  |
1 | ...efined`");if (false) ; else function f() {  }assert.sameValue(f, 123, "val...
  |                                         ^ variable redeclared here

./test262/test/annexB/language/eval-code/indirect/global-if-decl-else-stmt-eval-global-skip-early-err-switch.js => [0m[1m[33mFAILED
[0m[37m	> Test returned error: Uncaught TypeError: undefined has no properties
./test262/test/annexB/language/eval-code/indirect/global-if-decl-else-decl-b-eval-global-skip-early-err-switch.js => [0m[1m[33mFAILED
[0m[37m	> Test returned error: Uncaught TypeError: undefined has no properties
./test262/test/annexB/language/eval-code/indirect/global-switch-dflt-eval-global-existing-non-enumerable-global-init.js => [0m[1m[31mERROR: 
[0m[37m	> failed to execute harness file `fnGlobalObject.js`: Uncaught TypeError: tried to call non function value
./test262/test/annexB/language/eval-code/indirect/global-if-decl-else-stmt-eval-global-skip-early-err-for.js => [0m[1m[33mFAILED
[0m[37m	> Test returned error: Uncaught TypeError: undefined has no properties
./test262/test/annexB/language/eval-code/indirect/global-block-decl-eval-global-existing-global-init.js => [0m[1m[31mERROR: 
[0m[37m	> failed to execute harness file `fnGlobalObject.js`: Uncaught TypeError: tried to call non function value
./test262/test/annexB/language/eval-code/indirect/global-if-decl-else-decl-a-eval-global-existing-block-fn-update.js => [0m[1m[32mPASSED
[0m[37m./test262/test/annexB/language/eval-code/indirect/global-if-decl-else-decl-a-eval-global-existing-fn-update.js => [0m[1m[32mPASSED
[0m[37m./test262/test/annexB/language/eval-code/indirect/global-if-decl-no-else-eval-global-existing-fn-update.js => [0m[1m[32mPASSED
[0m[37m./test262/test/annexB/language/eval-code/indirect/global-if-decl-else-stmt-eval-global-skip-early-err-block.js => [0m[1m[33mFAILED
[0m[37m	> Test returned error: Uncaught TypeError: undefined has no properties
./test262/test/annexB/language/eval-code/indirect/global-if-stmt-else-decl-eval-global-no-skip-try.js => [0m[1m[32mPASSED
[0m[37m./test262/test/annexB/language/eval-code/indirect/global-if-decl-else-stmt-eval-global-skip-early-err.js => [0m[1m[33mFAILED
[0m[37m	> Test returned error: Uncaught SyntaxError: error: redeclared variable
 --> ??:0:103
  |
1 | ... to `undefined`");if (true) function f() {  } else ;assert.sameValue(f, 12...
  |                                         ^ variable redeclared here

./test262/test/annexB/language/eval-code/indirect/global-if-decl-no-else-eval-global-existing-block-fn-update.js => [0m[1m[32mPASSED
[0m[37m./test262/test/annexB/language/eval-code/indirect/global-if-decl-no-else-eval-global-existing-block-fn-no-init.js => [0m[1m[32mPASSED
[0m[37m./test262/test/annexB/language/eval-code/indirect/global-switch-case-eval-global-skip-early-err-for.js => [0m[1m[33mFAILED
[0m[37m	> Test returned error: Uncaught TypeError: undefined has no properties
./test262/test/annexB/language/eval-code/indirect/global-switch-case-eval-global-init.js => [0m[1m[31mERROR: 
[0m[37m	> failed to execute harness file `fnGlobalObject.js`: Uncaught TypeError: tried to call non function value
./test262/test/annexB/language/eval-code/indirect/global-if-stmt-else-decl-eval-global-update.js => [0m[1m[32mPASSED
[0m[37m./test262/test/annexB/language/eval-code/indirect/global-if-decl-no-else-eval-global-existing-var-no-init.js => [0m[1m[32mPASSED
[0m[37m./test262/test/annexB/language/eval-code/indirect/global-if-decl-else-stmt-eval-global-existing-fn-update.js => [0m[1m[32mPASSED
[0m[37m./test262/test/annexB/language/eval-code/indirect/global-if-decl-no-else-eval-global-skip-early-err-block.js => [0m[1m[33mFAILED
[0m[37m	> Test returned error: Uncaught TypeError: undefined has no properties
./test262/test/annexB/language/eval-code/indirect/global-if-decl-else-decl-a-eval-global-skip-early-err-try.js => [0m[1m[33mFAILED
[0m[37m	> Test returned error: Uncaught TypeError: undefined has no properties
./test262/test/annexB/language/eval-code/indirect/global-if-decl-else-decl-b-eval-global-existing-fn-update.js => [0m[1m[32mPASSED
[0m[37m./test262/test/annexB/language/eval-code/indirect/global-switch-case-eval-global-existing-var-update.js => [0m[1m[32mPASSED
[0m[37m./test262/test/annexB/language/eval-code/indirect/global-if-decl-else-decl-a-eval-global-skip-early-err-for-of.js => [0m[1m[33mFAILED
[0m[37m	> Test returned error: Uncaught TypeError: undefined has no properties
./test262/test/annexB/language/eval-code/indirect/global-if-stmt-else-decl-eval-global-skip-early-err-block.js => [0m[1m[33mFAILED
[0m[37m	> Test returned error: Uncaught TypeError: undefined has no properties
./test262/test/annexB/language/eval-code/indirect/global-switch-case-eval-global-update.js => [0m[1m[32mPASSED
[0m[37m./test262/test/annexB/language/eval-code/indirect/global-if-decl-else-decl-a-eval-global-existing-global-update.js => [0m[1m[31mERROR: 
[0m[37m	> failed to execute harness file `fnGlobalObject.js`: Uncaught TypeError: tried to call non function value
./test262/test/annexB/language/eval-code/indirect/global-block-decl-eval-global-existing-block-fn-no-init.js => [0m[1m[32mPASSED
[0m[37m./test262/test/annexB/language/eval-code/indirect/global-block-decl-eval-global-skip-early-err-block.js => [0m[1m[33mFAILED
[0m[37m	> Test returned error: Uncaught TypeError: undefined has no properties
./test262/test/annexB/language/eval-code/indirect/global-if-decl-else-decl-b-eval-global-init.js => [0m[1m[31mERROR: 
[0m[37m	> failed to execute harness file `fnGlobalObject.js`: Uncaught TypeError: tried to call non function value
./test262/test/annexB/language/eval-code/indirect/global-if-stmt-else-decl-eval-global-skip-early-err-for-in.js => [0m[1m[33mFAILED
[0m[37m	> Test returned error: Uncaught TypeError: undefined has no properties
./test262/test/annexB/language/eval-code/indirect/global-if-decl-else-stmt-eval-global-existing-var-update.js => [0m[1m[32mPASSED
[0m[37m./test262/test/annexB/language/eval-code/indirect/global-if-decl-else-decl-b-eval-global-existing-fn-no-init.js => [0m[1m[33mFAILED
[0m[37m	> Test returned error: Uncaught TypeError: tried to call non function value
./test262/test/annexB/language/eval-code/indirect/global-if-decl-else-decl-b-eval-global-skip-early-err.js => [0m[1m[33mFAILED
[0m[37m	> Test returned error: Uncaught SyntaxError: error: redeclared variable
 --> ??:0:126
  |
1 | ...alse) function _f() {} else function f() {  }assert.sameValue(f, 123, "val...
  |                                         ^ variable redeclared here

./test262/test/annexB/language/eval-code/indirect/global-switch-case-eval-global-existing-global-init.js => [0m[1m[31mERROR: 
[0m[37m	> failed to execute harness file `fnGlobalObject.js`: Uncaught TypeError: tried to call non function value
./test262/test/annexB/language/eval-code/indirect/global-switch-case-eval-global-existing-non-enumerable-global-init.js => [0m[1m[31mERROR: 
[0m[37m	> failed to execute harness file `fnGlobalObject.js`: Uncaught TypeError: tried to call non function value
./test262/test/annexB/language/eval-code/indirect/global-if-decl-no-else-eval-global-block-scoping.js => [0m[1m[33mFAILED
[0m[37m	> Test returned error: Uncaught TypeError: tried to call non function value
./test262/test/annexB/language/eval-code/indirect/global-if-decl-else-decl-a-eval-global-existing-fn-no-init.js => [0m[1m[33mFAILED
[0m[37m	> Test returned error: Uncaught TypeError: tried to call non function value
./test262/test/annexB/language/eval-code/indirect/global-block-decl-eval-global-skip-early-err-for-in.js => [0m[1m[33mFAILED
[0m[37m	> Test returned error: Uncaught TypeError: undefined has no properties
./test262/test/annexB/language/eval-code/indirect/global-if-decl-no-else-eval-global-update.js => [0m[1m[32mPASSED
[0m[37m./test262/test/annexB/language/eval-code/indirect/global-block-decl-eval-global-existing-global-update.js => [0m[1m[31mERROR: 
[0m[37m	> failed to execute harness file `fnGlobalObject.js`: Uncaught TypeError: tried to call non function value
./test262/test/annexB/language/eval-code/indirect/global-if-stmt-else-decl-eval-global-existing-fn-update.js => [0m[1m[32mPASSED
[0m[37m./test262/test/annexB/language/eval-code/indirect/global-block-decl-eval-global-existing-non-enumerable-global-init.js => [0m[1m[31mERROR: 
[0m[37m	> failed to execute harness file `fnGlobalObject.js`: Uncaught TypeError: tried to call non function value
./test262/test/annexB/language/eval-code/indirect/global-switch-dflt-eval-global-skip-early-err-switch.js => [0m[1m[33mFAILED
[0m[37m	> Test returned error: Uncaught TypeError: undefined has no properties
./test262/test/annexB/language/eval-code/indirect/global-switch-dflt-eval-global-existing-var-no-init.js => [0m[1m[32mPASSED
[0m[37m./test262/test/annexB/language/eval-code/indirect/global-if-decl-else-decl-b-eval-global-skip-early-err-for-in.js => [0m[1m[33mFAILED
[0m[37m	> Test returned error: Uncaught TypeError: undefined has no properties
./test262/test/annexB/language/eval-code/indirect/global-if-decl-no-else-eval-global-skip-early-err-for-in.js => [0m[1m[33mFAILED
[0m[37m	> Test returned error: Uncaught TypeError: undefined has no properties
./test262/test/annexB/language/eval-code/indirect/global-if-decl-else-stmt-eval-global-existing-var-no-init.js => [0m[1m[32mPASSED
[0m[37m./test262/test/annexB/language/eval-code/indirect/global-switch-dflt-eval-global-existing-fn-no-init.js => [0m[1m[33mFAILED
[0m[37m	> Test returned error: Uncaught TypeError: tried to call non function value
./test262/test/annexB/language/eval-code/indirect/global-block-decl-eval-global-existing-var-update.js => [0m[1m[32mPASSED
[0m[37m./test262/test/annexB/language/eval-code/indirect/global-if-decl-else-decl-b-eval-global-existing-block-fn-update.js => [0m[1m[32mPASSED
[0m[37m./test262/test/annexB/language/eval-code/indirect/global-if-decl-else-decl-b-eval-global-existing-global-init.js => [0m[1m[31mERROR: 
[0m[37m	> failed to execute harness file `fnGlobalObject.js`: Uncaught TypeError: tried to call non function value
./test262/test/annexB/language/eval-code/indirect/global-if-decl-else-decl-a-eval-global-existing-var-no-init.js => [0m[1m[32mPASSED
[0m[37m./test262/test/annexB/language/eval-code/indirect/global-if-decl-else-decl-a-eval-global-skip-early-err-for.js => [0m[1m[33mFAILED
[0m[37m	> Test returned error: Uncaught TypeError: undefined has no properties
./test262/test/annexB/language/eval-code/indirect/global-if-decl-else-stmt-eval-global-block-scoping.js => [0m[1m[33mFAILED
[0m[37m	> Test returned error: Uncaught TypeError: tried to call non function value
./test262/test/annexB/language/eval-code/indirect/global-if-decl-else-decl-b-eval-global-existing-var-no-init.js => [0m[1m[32mPASSED
[0m[37m./test262/test/annexB/language/eval-code/indirect/global-if-stmt-else-decl-eval-global-skip-early-err-try.js => [0m[1m[33mFAILED
[0m[37m	> Test returned error: Uncaught TypeError: undefined has no properties
./test262/test/annexB/language/eval-code/indirect/global-if-stmt-else-decl-eval-global-existing-block-fn-no-init.js => [0m[1m[32mPASSED
[0m[37m./test262/test/annexB/language/eval-code/indirect/global-if-decl-else-stmt-eval-global-skip-early-err-for-of.js => [0m[1m[33mFAILED
[0m[37m	> Test returned error: Uncaught TypeError: undefined has no properties
./test262/test/annexB/language/eval-code/indirect/global-if-decl-no-else-eval-global-skip-early-err-switch.js => [0m[1m[33mFAILED
[0m[37m	> Test returned error: Uncaught TypeError: undefined has no properties
./test262/test/annexB/language/eval-code/indirect/global-if-decl-else-decl-a-eval-global-block-scoping.js => [0m[1m[33mFAILED
[0m[37m	> Test returned error: Uncaught TypeError: tried to call non function value
./test262/test/annexB/language/eval-code/indirect/global-switch-case-eval-global-existing-fn-no-init.js => [0m[1m[33mFAILED
[0m[37m	> Test returned error: Uncaught TypeError: tried to call non function value
./test262/test/annexB/language/eval-code/indirect/global-switch-dflt-eval-global-skip-early-err-try.js => [0m[1m[33mFAILED
[0m[37m	> Test returned error: Uncaught TypeError: undefined has no properties
./test262/test/annexB/language/eval-code/indirect/global-block-decl-eval-global-skip-early-err-for.js => [0m[1m[33mFAILED
[0m[37m	> Test returned error: Uncaught TypeError: undefined has no properties
./test262/test/annexB/language/eval-code/indirect/global-if-decl-no-else-eval-global-existing-global-update.js => [0m[1m[31mERROR: 
[0m[37m	> failed to execute harness file `fnGlobalObject.js`: Uncaught TypeError: tried to call non function value
./test262/test/annexB/language/eval-code/indirect/global-switch-case-eval-global-skip-early-err-for-of.js => [0m[1m[33mFAILED
[0m[37m	> Test returned error: Uncaught TypeError: undefined has no properties
./test262/test/annexB/language/eval-code/indirect/global-if-decl-no-else-eval-global-existing-fn-no-init.js => [0m[1m[33mFAILED
[0m[37m	> Test returned error: Uncaught TypeError: tried to call non function value
./test262/test/annexB/language/eval-code/indirect/global-block-decl-eval-global-existing-fn-no-init.js => [0m[1m[33mFAILED
[0m[37m	> Test returned error: Uncaught TypeError: tried to call non function value
./test262/test/annexB/language/eval-code/indirect/global-if-decl-else-decl-b-eval-global-skip-early-err-block.js => [0m[1m[33mFAILED
[0m[37m	> Test returned error: Uncaught TypeError: undefined has no properties
./test262/test/annexB/language/eval-code/indirect/global-switch-dflt-eval-global-existing-var-update.js => [0m[1m[32mPASSED
[0m[37m./test262/test/annexB/language/eval-code/indirect/global-if-decl-else-decl-b-eval-global-skip-early-err-for.js => [0m[1m[33mFAILED
[0m[37m	> Test returned error: Uncaught TypeError: undefined has no properties
./test262/test/annexB/language/eval-code/indirect/global-if-decl-else-decl-a-eval-global-init.js => [0m[1m[31mERROR: 
[0m[37m	> failed to execute harness file `fnGlobalObject.js`: Uncaught TypeError: tried to call non function value
./test262/test/annexB/language/eval-code/indirect/global-switch-case-eval-global-existing-block-fn-no-init.js => [0m[1m[32mPASSED
[0m[37m./test262/test/annexB/language/eval-code/indirect/global-switch-dflt-eval-global-existing-global-update.js => [0m[1m[31mERROR: 
[0m[37m	> failed to execute harness file `fnGlobalObject.js`: Uncaught TypeError: tried to call non function value
./test262/test/annexB/language/eval-code/indirect/global-switch-case-eval-global-existing-block-fn-update.js => [0m[1m[32mPASSED
[0m[37m./test262/test/annexB/language/eval-code/indirect/global-if-decl-no-else-eval-global-skip-early-err.js => [0m[1m[33mFAILED
[0m[37m	> Test returned error: Uncaught SyntaxError: error: redeclared variable
 --> ??:0:103
  |
1 | ... to `undefined`");if (true) function f() {  }assert.sameValue(f, 123, "val...
  |                                         ^ variable redeclared here

./test262/test/annexB/language/eval-code/indirect/global-if-decl-else-decl-a-eval-global-skip-early-err-block.js => [0m[1m[33mFAILED
[0m[37m	> Test returned error: Uncaught TypeError: undefined has no properties
./test262/test/annexB/language/eval-code/indirect/global-block-decl-eval-global-skip-early-err-try.js => [0m[1m[33mFAILED
[0m[37m	> Test returned error: Uncaught TypeError: undefined has no properties
./test262/test/annexB/language/eval-code/indirect/global-switch-case-eval-global-existing-var-no-init.js => [0m[1m[32mPASSED
[0m[37m./test262/test/annexB/language/eval-code/indirect/global-if-decl-else-stmt-eval-global-no-skip-try.js => [0m[1m[32mPASSED
[0m[37m./test262/test/annexB/language/eval-code/indirect/global-if-decl-else-decl-b-eval-global-no-skip-try.js => [0m[1m[32mPASSED
[0m[37m./test262/test/annexB/language/eval-code/indirect/global-switch-dflt-eval-global-skip-early-err-for.js => [0m[1m[33mFAILED
[0m[37m	> Test returned error: Uncaught TypeError: undefined has no properties
./test262/test/annexB/language/eval-code/indirect/global-switch-case-eval-global-skip-early-err.js => [0m[1m[33mFAILED
[0m[37m	> Test returned error: Uncaught SyntaxError: error: redeclared variable
 --> ??:0:118
  |
1 | ...");switch (1) {  case 1:    function f() {  }}  assert.sameValue(f, 123, "...
  |                                         ^ variable redeclared here

./test262/test/annexB/language/eval-code/indirect/global-if-decl-else-decl-a-eval-global-skip-early-err-switch.js => [0m[1m[33mFAILED
[0m[37m	> Test returned error: Uncaught TypeError: undefined has no properties
./test262/test/annexB/language/eval-code/indirect/global-if-stmt-else-decl-eval-global-existing-non-enumerable-global-init.js => [0m[1m[31mERROR: 
[0m[37m	> failed to execute harness file `fnGlobalObject.js`: Uncaught TypeError: tried to call non function value
./test262/test/annexB/language/eval-code/indirect/global-switch-case-eval-global-skip-early-err-block.js => [0m[1m[33mFAILED
[0m[37m	> Test returned error: Uncaught TypeError: undefined has no properties
./test262/test/annexB/language/eval-code/indirect/global-if-decl-else-decl-a-eval-global-skip-early-err-for-in.js => [0m[1m[33mFAILED
[0m[37m	> Test returned error: Uncaught TypeError: undefined has no properties
./test262/test/annexB/language/eval-code/indirect/global-switch-dflt-eval-global-no-skip-try.js => [0m[1m[32mPASSED
[0m[37m./test262/test/annexB/language/eval-code/indirect/global-switch-case-eval-global-no-skip-try.js => [0m[1m[32mPASSED
[0m[37m./test262/test/annexB/language/eval-code/indirect/global-if-decl-no-else-eval-global-existing-global-init.js => [0m[1m[31mERROR: 
[0m[37m	> failed to execute harness file `fnGlobalObject.js`: Uncaught TypeError: tried to call non function value
./test262/test/annexB/language/eval-code/indirect/global-block-decl-eval-global-update.js => [0m[1m[32mPASSED
[0m[37m./test262/test/annexB/language/eval-code/indirect/global-if-stmt-else-decl-eval-global-existing-global-init.js => [0m[1m[31mERROR: 
[0m[37m	> failed to execute harness file `fnGlobalObject.js`: Uncaught TypeError: tried to call non function value
./test262/test/annexB/language/eval-code/indirect/global-if-decl-else-decl-b-eval-global-update.js => [0m[1m[32mPASSED
[0m[37m./test262/test/annexB/language/eval-code/indirect/global-if-decl-else-decl-a-eval-global-existing-non-enumerable-global-init.js => [0m[1m[31mERROR: 
[0m[37m	> failed to execute harness file `fnGlobalObject.js`: Uncaught TypeError: tried to call non function value
./test262/test/annexB/language/eval-code/indirect/global-block-decl-eval-global-existing-block-fn-update.js => [0m[1m[32mPASSED
[0m[37m./test262/test/annexB/language/eval-code/indirect/global-block-decl-eval-global-existing-var-no-init.js => [0m[1m[32mPASSED
[0m[37m./test262/test/annexB/language/eval-code/indirect/global-if-decl-else-decl-a-eval-global-update.js => [0m[1m[32mPASSED
[0m[37m./test262/test/annexB/language/eval-code/indirect/global-switch-dflt-eval-global-existing-block-fn-update.js => [0m[1m[32mPASSED
[0m[37m./test262/test/annexB/language/eval-code/indirect/global-if-decl-else-decl-a-eval-global-existing-var-update.js => [0m[1m[32mPASSED
[0m[37m./test262/test/annexB/language/eval-code/indirect/global-if-decl-no-else-eval-global-skip-early-err-for-of.js => [0m[1m[33mFAILED
[0m[37m	> Test returned error: Uncaught TypeError: undefined has no properties
./test262/test/annexB/language/eval-code/indirect/global-block-decl-eval-global-no-skip-try.js => [0m[1m[32mPASSED
[0m[37m./test262/test/annexB/language/eval-code/indirect/global-if-stmt-else-decl-eval-global-existing-fn-no-init.js => [0m[1m[33mFAILED
[0m[37m	> Test returned error: Uncaught TypeError: tried to call non function value
./test262/test/annexB/language/eval-code/indirect/global-if-decl-else-decl-a-eval-global-existing-global-init.js => [0m[1m[31mERROR: 
[0m[37m	> failed to execute harness file `fnGlobalObject.js`: Uncaught TypeError: tried to call non function value
./test262/test/annexB/language/eval-code/indirect/global-if-decl-else-decl-b-eval-global-existing-var-update.js => [0m[1m[32mPASSED
[0m[37m./test262/test/annexB/language/eval-code/indirect/global-switch-dflt-eval-global-skip-early-err-block.js => [0m[1m[33mFAILED
[0m[37m	> Test returned error: Uncaught TypeError: undefined has no properties
./test262/test/annexB/language/eval-code/indirect/global-if-decl-no-else-eval-global-no-skip-try.js => [0m[1m[32mPASSED
[0m[37m./test262/test/annexB/language/eval-code/indirect/global-if-decl-else-stmt-eval-global-skip-early-err-for-in.js => [0m[1m[33mFAILED
[0m[37m	> Test returned error: Uncaught TypeError: undefined has no properties
./test262/test/annexB/language/eval-code/indirect/global-switch-dflt-eval-global-existing-block-fn-no-init.js => [0m[1m[32mPASSED
[0m[37m./test262/test/annexB/language/eval-code/indirect/global-block-decl-eval-global-skip-early-err.js => [0m[1m[33mFAILED
[0m[37m	> Test returned error: Uncaught SyntaxError: error: redeclared variable
 --> ??:0:95
  |
1 | ...tialized to `undefined`");{ function f() {  } }assert.sameValue(f, 123, "v...
  |                                         ^ variable redeclared here

./test262/test/annexB/language/eval-code/indirect/global-if-decl-no-else-eval-global-existing-var-update.js => [0m[1m[32mPASSED
[0m[37m./test262/test/annexB/language/eval-code/indirect/global-if-decl-else-stmt-eval-global-existing-non-enumerable-global-init.js => [0m[1m[31mERROR: 
[0m[37m	> failed to execute harness file `fnGlobalObject.js`: Uncaught TypeError: tried to call non function value
./test262/test/annexB/language/eval-code/indirect/global-if-stmt-else-decl-eval-global-existing-var-update.js => [0m[1m[32mPASSED
[0m[37m./test262/test/annexB/language/eval-code/indirect/global-switch-case-eval-global-skip-early-err-switch.js => [0m[1m[33mFAILED
[0m[37m	> Test returned error: Uncaught TypeError: undefined has no properties
./test262/test/annexB/language/eval-code/indirect/global-if-decl-else-decl-a-eval-global-existing-block-fn-no-init.js => [0m[1m[32mPASSED
[0m[37m./test262/test/annexB/language/eval-code/indirect/global-if-decl-else-stmt-eval-global-existing-global-init.js => [0m[1m[31mERROR: 
[0m[37m	> failed to execute harness file `fnGlobalObject.js`: Uncaught TypeError: tried to call non function value
./test262/test/annexB/language/eval-code/indirect/global-if-stmt-else-decl-eval-global-skip-early-err-for.js => [0m[1m[33mFAILED
[0m[37m	> Test returned error: Uncaught TypeError: undefined has no properties
./test262/test/annexB/language/eval-code/indirect/global-if-decl-else-stmt-eval-global-existing-block-fn-update.js => [0m[1m[32mPASSED
[0m[37m./test262/test/annexB/language/eval-code/indirect/global-if-stmt-else-decl-eval-global-skip-early-err-for-of.js => [0m[1m[33mFAILED
[0m[37m	> Test returned error: Uncaught TypeError: undefined has no properties
./test262/test/annexB/language/eval-code/indirect/global-if-decl-else-stmt-eval-global-existing-block-fn-no-init.js => [0m[1m[32mPASSED
[0m[37m./test262/test/annexB/language/eval-code/indirect/global-switch-case-eval-global-skip-early-err-for-in.js => [0m[1m[33mFAILED
[0m[37m	> Test returned error: Uncaught TypeError: undefined has no properties
./test262/test/annexB/language/eval-code/indirect/global-block-decl-eval-global-existing-fn-update.js => [0m[1m[32mPASSED
[0m[37m./test262/test/annexB/language/eval-code/indirect/global-if-decl-no-else-eval-global-skip-early-err-for.js => [0m[1m[33mFAILED
[0m[37m	> Test returned error: Uncaught TypeError: undefined has no properties
./test262/test/annexB/language/eval-code/indirect/global-if-decl-else-stmt-eval-global-existing-fn-no-init.js => [0m[1m[33mFAILED
[0m[37m	> Test returned error: Uncaught TypeError: tried to call non function value
./test262/test/annexB/language/eval-code/indirect/global-if-stmt-else-decl-eval-global-init.js => [0m[1m[31mERROR: 
[0m[37m	> failed to execute harness file `fnGlobalObject.js`: Uncaught TypeError: tried to call non function value
./test262/test/annexB/language/eval-code/indirect/global-block-decl-eval-global-skip-early-err-for-of.js => [0m[1m[33mFAILED
[0m[37m	> Test returned error: Uncaught TypeError: undefined has no properties
./test262/test/annexB/language/eval-code/indirect/global-if-decl-no-else-eval-global-init.js => [0m[1m[31mERROR: 
[0m[37m	> failed to execute harness file `fnGlobalObject.js`: Uncaught TypeError: tried to call non function value
./test262/test/annexB/language/eval-code/indirect/global-if-decl-else-decl-b-eval-global-existing-non-enumerable-global-init.js => [0m[1m[31mERROR: 
[0m[37m	> failed to execute harness file `fnGlobalObject.js`: Uncaught TypeError: tried to call non function value
./test262/test/annexB/language/eval-code/indirect/global-if-decl-else-decl-b-eval-global-existing-block-fn-no-init.js => [0m[1m[32mPASSED
[0m[37m./test262/test/annexB/language/eval-code/indirect/global-switch-dflt-eval-global-skip-early-err.js => [0m[1m[33mFAILED
[0m[37m	> Test returned error: Uncaught SyntaxError: error: redeclared variable
 --> ??:0:119
  |
1 | ...);switch (1) {  default:    function f() {  }}  assert.sameValue(f, 123, "...
  |                                         ^ variable redeclared here

./test262/test/annexB/language/eval-code/indirect/global-switch-dflt-eval-global-existing-global-init.js => [0m[1m[31mERROR: 
[0m[37m	> failed to execute harness file `fnGlobalObject.js`: Uncaught TypeError: tried to call non function value
./test262/test/annexB/language/eval-code/indirect/global-if-decl-else-stmt-eval-global-existing-global-update.js => [0m[1m[31mERROR: 
[0m[37m	> failed to execute harness file `fnGlobalObject.js`: Uncaught TypeError: tried to call non function value
./test262/test/annexB/language/eval-code/indirect/global-block-decl-eval-global-init.js => [0m[1m[31mERROR: 
[0m[37m	> failed to execute harness file `fnGlobalObject.js`: Uncaught TypeError: tried to call non function value
./test262/test/annexB/language/eval-code/indirect/global-if-decl-else-decl-b-eval-global-block-scoping.js => [0m[1m[33mFAILED
[0m[37m	> Test returned error: Uncaught TypeError: tried to call non function value
./test262/test/annexB/language/eval-code/indirect/global-if-decl-else-stmt-eval-global-init.js => [0m[1m[31mERROR: 
[0m[37m	> failed to execute harness file `fnGlobalObject.js`: Uncaught TypeError: tried to call non function value
./test262/test/annexB/language/eval-code/indirect/global-switch-dflt-eval-global-init.js => [0m[1m[31mERROR: 
[0m[37m	> failed to execute harness file `fnGlobalObject.js`: Uncaught TypeError: tried to call non function value
./test262/test/annexB/language/global-code/if-decl-else-decl-a-global-no-skip-try.js => [0m[1m[32mPASSED
[0m[37m./test262/test/annexB/language/global-code/switch-dflt-global-existing-block-fn-no-init.js => [0m[1m[32mPASSED
[0m[37m./test262/test/annexB/language/global-code/switch-case-global-skip-early-err-for-of.js => [0m[1m[33mFAILED
[0m[37m	> Test returned error: Uncaught SyntaxError: error: unexpected token: found 'of' expected ';'
 --> ??:25:11
   |
26 | for (let f of [0]) {
   |            ^^ 

./test262/test/annexB/language/global-code/if-decl-else-decl-a-global-existing-fn-no-init.js => [0m[1m[33mFAILED
[0m[37m	> Test returned error: Uncaught TypeError: tried to call non function value
./test262/test/annexB/language/global-code/if-decl-no-else-global-existing-block-fn-update.js => [0m[1m[32mPASSED
[0m[37m./test262/test/annexB/language/global-code/switch-dflt-global-existing-fn-no-init.js => [0m[1m[33mFAILED
[0m[37m	> Test returned error: Uncaught TypeError: tried to call non function value
./test262/test/annexB/language/global-code/if-decl-else-decl-a-global-update.js => [0m[1m[32mPASSED
[0m[37m./test262/test/annexB/language/global-code/switch-dflt-global-update.js => [0m[1m[32mPASSED
[0m[37m./test262/test/annexB/language/global-code/if-decl-no-else-global-existing-var-no-init.js => [0m[1m[32mPASSED
[0m[37m./test262/test/annexB/language/global-code/if-stmt-else-decl-global-skip-early-err-block.js => [0m[1m[33mFAILED
[0m[37m	> Test returned error: Uncaught TypeError: undefined has no properties
./test262/test/annexB/language/global-code/if-decl-else-stmt-global-skip-early-err-switch.js => [0m[1m[33mFAILED
[0m[37m	> Test returned error: Uncaught SyntaxError: error: redeclared variable
 --> ??:36:4
   |
37 | let f;
   |     ^ variable redeclared here

./test262/test/annexB/language/global-code/block-decl-global-existing-block-fn-update.js => [0m[1m[32mPASSED
[0m[37m./test262/test/annexB/language/global-code/if-decl-no-else-global-init.js => [0m[1m[31mERROR: 
[0m[37m	> failed to execute harness file `fnGlobalObject.js`: Uncaught TypeError: tried to call non function value
./test262/test/annexB/language/global-code/if-decl-else-decl-b-global-existing-block-fn-no-init.js => [0m[1m[32mPASSED
[0m[37m./test262/test/annexB/language/global-code/block-decl-global-existing-var-update.js => [0m[1m[32mPASSED
[0m[37m./test262/test/annexB/language/global-code/if-decl-else-stmt-global-existing-var-no-init.js => [0m[1m[32mPASSED
[0m[37m./test262/test/annexB/language/global-code/if-decl-else-decl-b-global-existing-fn-update.js => [0m[1m[32mPASSED
[0m[37m./test262/test/annexB/language/global-code/if-decl-else-decl-a-global-existing-block-fn-update.js => [0m[1m[32mPASSED
[0m[37m./test262/test/annexB/language/global-code/if-decl-no-else-global-skip-early-err-block.js => [0m[1m[33mFAILED
[0m[37m	> Test returned error: Uncaught TypeError: undefined has no properties
./test262/test/annexB/language/global-code/switch-dflt-global-skip-early-err-for-of.js => [0m[1m[33mFAILED
[0m[37m	> Test returned error: Uncaught SyntaxError: error: unexpected token: found 'of' expected ';'
 --> ??:25:11
   |
26 | for (let f of [0]) {
   |            ^^ 

./test262/test/annexB/language/global-code/if-decl-else-decl-b-global-skip-early-err-switch.js => [0m[1m[33mFAILED
[0m[37m	> Test returned error: Uncaught SyntaxError: error: redeclared variable
 --> ??:36:4
   |
37 | let f;
   |     ^ variable redeclared here

./test262/test/annexB/language/global-code/if-decl-else-decl-b-global-block-scoping.js => [0m[1m[33mFAILED
[0m[37m	> Test returned error: Uncaught TypeError: tried to call non function value
./test262/test/annexB/language/global-code/if-decl-else-stmt-global-skip-early-err-block.js => [0m[1m[33mFAILED
[0m[37m	> Test returned error: Uncaught TypeError: undefined has no properties
./test262/test/annexB/language/global-code/if-decl-else-stmt-global-skip-early-err-for-of.js => [0m[1m[33mFAILED
[0m[37m	> Test returned error: Uncaught SyntaxError: error: unexpected token: found 'of' expected ';'
 --> ??:34:11
   |
35 | for (let f of [0]) {
   |            ^^ 

./test262/test/annexB/language/global-code/block-decl-global-no-skip-try.js => [0m[1m[32mPASSED
[0m[37m./test262/test/annexB/language/global-code/if-stmt-else-decl-global-existing-var-update.js => [0m[1m[32mPASSED
[0m[37m./test262/test/annexB/language/global-code/switch-case-global-skip-early-err-switch.js => [0m[1m[33mFAILED
[0m[37m	> Test returned error: Uncaught SyntaxError: error: redeclared variable
 --> ??:27:4
   |
28 | let f;
   |     ^ variable redeclared here

./test262/test/annexB/language/global-code/if-decl-else-stmt-global-existing-global-init.js => [0m[1m[31mERROR: 
[0m[37m	> failed to execute harness file `fnGlobalObject.js`: Uncaught TypeError: tried to call non function value
./test262/test/annexB/language/global-code/if-stmt-else-decl-global-update.js => [0m[1m[32mPASSED
[0m[37m./test262/test/annexB/language/global-code/if-decl-else-decl-a-global-existing-fn-update.js => [0m[1m[32mPASSED
[0m[37m./test262/test/annexB/language/global-code/if-decl-no-else-global-skip-early-err.js => [0m[1m[33mFAILED
[0m[37m	> Test returned error: Uncaught SyntaxError: error: redeclared variable
 --> ??:28:19
   |
29 | if (true) function f() {  }
   |                    ^ variable redeclared here

./test262/test/annexB/language/global-code/if-stmt-else-decl-global-skip-early-err-switch.js => [0m[1m[33mFAILED
[0m[37m	> Test returned error: Uncaught SyntaxError: error: redeclared variable
 --> ??:36:4
   |
37 | let f;
   |     ^ variable redeclared here

./test262/test/annexB/language/global-code/if-decl-else-decl-b-global-skip-early-err-block.js => [0m[1m[33mFAILED
[0m[37m	> Test returned error: Uncaught TypeError: undefined has no properties
./test262/test/annexB/language/global-code/if-decl-else-decl-b-global-update.js => [0m[1m[32mPASSED
[0m[37m./test262/test/annexB/language/global-code/block-decl-global-skip-early-err-for-of.js => [0m[1m[33mFAILED
[0m[37m	> Test returned error: Uncaught SyntaxError: error: unexpected token: found 'of' expected ';'
 --> ??:25:11
   |
26 | for (let f of [0]) {
   |            ^^ 

./test262/test/annexB/language/global-code/switch-case-global-existing-block-fn-no-init.js => [0m[1m[32mPASSED
[0m[37m./test262/test/annexB/language/global-code/if-decl-else-decl-a-global-existing-var-no-init.js => [0m[1m[32mPASSED
[0m[37m./test262/test/annexB/language/global-code/if-decl-no-else-global-no-skip-try.js => [0m[1m[32mPASSED
[0m[37m./test262/test/annexB/language/global-code/block-decl-global-skip-early-err-for-in.js => [0m[1m[33mFAILED
[0m[37m	> Test returned error: Uncaught TypeError: undefined has no properties
./test262/test/annexB/language/global-code/switch-dflt-global-skip-early-err.js => [0m[1m[33mFAILED
[0m[37m	> Test returned error: Uncaught SyntaxError: error: redeclared variable
 --> ??:21:9
   |
22 | function f() {  }
   |          ^ variable redeclared here

./test262/test/annexB/language/global-code/block-decl-global-existing-fn-no-init.js => [0m[1m[33mFAILED
[0m[37m	> Test returned error: Uncaught TypeError: tried to call non function value
./test262/test/annexB/language/global-code/if-decl-else-decl-a-global-existing-var-update.js => [0m[1m[32mPASSED
[0m[37m./test262/test/annexB/language/global-code/if-decl-else-decl-a-global-skip-early-err-switch.js => [0m[1m[33mFAILED
[0m[37m	> Test returned error: Uncaught SyntaxError: error: redeclared variable
 --> ??:36:4
   |
37 | let f;
   |     ^ variable redeclared here

./test262/test/annexB/language/global-code/switch-case-global-skip-early-err-block.js => [0m[1m[33mFAILED
[0m[37m	> Test returned error: Uncaught TypeError: undefined has no properties
./test262/test/annexB/language/global-code/block-decl-global-skip-early-err-for.js => [0m[1m[33mFAILED
[0m[37m	> Test returned error: Uncaught TypeError: undefined has no properties
./test262/test/annexB/language/global-code/if-decl-no-else-global-existing-fn-update.js => [0m[1m[32mPASSED
[0m[37m./test262/test/annexB/language/global-code/if-decl-else-decl-b-global-skip-early-err-for-of.js => [0m[1m[33mFAILED
[0m[37m	> Test returned error: Uncaught SyntaxError: error: unexpected token: found 'of' expected ';'
 --> ??:34:11
   |
35 | for (let f of [0]) {
   |            ^^ 

./test262/test/annexB/language/global-code/if-decl-else-decl-a-global-skip-early-err-try.js => [0m[1m[33mFAILED
[0m[37m	> Test returned error: Uncaught TypeError: undefined has no properties
./test262/test/annexB/language/global-code/block-decl-global-skip-early-err-block.js => [0m[1m[33mFAILED
[0m[37m	> Test returned error: Uncaught TypeError: undefined has no properties
./test262/test/annexB/language/global-code/switch-dflt-global-no-skip-try.js => [0m[1m[32mPASSED
[0m[37m./test262/test/annexB/language/global-code/if-stmt-else-decl-global-existing-block-fn-no-init.js => [0m[1m[32mPASSED
[0m[37m./test262/test/annexB/language/global-code/if-decl-else-stmt-global-skip-early-err-for.js => [0m[1m[33mFAILED
[0m[37m	> Test returned error: Uncaught TypeError: undefined has no properties
./test262/test/annexB/language/global-code/if-decl-else-decl-b-global-existing-global-init.js => [0m[1m[31mERROR: 
[0m[37m	> failed to execute harness file `fnGlobalObject.js`: Uncaught TypeError: tried to call non function value
./test262/test/annexB/language/global-code/if-stmt-else-decl-global-skip-early-err-for-in.js => [0m[1m[33mFAILED
[0m[37m	> Test returned error: Uncaught TypeError: undefined has no properties
./test262/test/annexB/language/global-code/if-stmt-else-decl-global-skip-early-err-for-of.js => [0m[1m[33mFAILED
[0m[37m	> Test returned error: Uncaught SyntaxError: error: unexpected token: found 'of' expected ';'
 --> ??:34:11
   |
35 | for (let f of [0]) {
   |            ^^ 

./test262/test/annexB/language/global-code/switch-dflt-global-skip-early-err-block.js => [0m[1m[33mFAILED
[0m[37m	> Test returned error: Uncaught TypeError: undefined has no properties
./test262/test/annexB/language/global-code/if-decl-else-decl-a-global-init.js => [0m[1m[31mERROR: 
[0m[37m	> failed to execute harness file `fnGlobalObject.js`: Uncaught TypeError: tried to call non function value
./test262/test/annexB/language/global-code/if-decl-else-stmt-global-skip-early-err-for-in.js => [0m[1m[33mFAILED
[0m[37m	> Test returned error: Uncaught TypeError: undefined has no properties
./test262/test/annexB/language/global-code/if-decl-no-else-global-existing-fn-no-init.js => [0m[1m[33mFAILED
[0m[37m	> Test returned error: Uncaught TypeError: tried to call non function value
./test262/test/annexB/language/global-code/if-decl-else-stmt-global-existing-block-fn-no-init.js => [0m[1m[32mPASSED
[0m[37m./test262/test/annexB/language/global-code/if-decl-no-else-global-existing-block-fn-no-init.js => [0m[1m[32mPASSED
[0m[37m./test262/test/annexB/language/global-code/if-decl-else-stmt-global-skip-early-err.js => [0m[1m[33mFAILED
[0m[37m	> Test returned error: Uncaught SyntaxError: error: redeclared variable
 --> ??:28:19
   |
29 | if (true) function f() {  } else ;
   |                    ^ variable redeclared here

./test262/test/annexB/language/global-code/block-decl-global-existing-fn-update.js => [0m[1m[32mPASSED
[0m[37m./test262/test/annexB/language/global-code/block-decl-global-skip-early-err.js => [0m[1m[33mFAILED
[0m[37m	> Test returned error: Uncaught SyntaxError: error: redeclared variable
 --> ??:20:9
   |
21 | function f() {  }
   |          ^ variable redeclared here

./test262/test/annexB/language/global-code/if-decl-else-decl-b-global-init.js => [0m[1m[31mERROR: 
[0m[37m	> failed to execute harness file `fnGlobalObject.js`: Uncaught TypeError: tried to call non function value
./test262/test/annexB/language/global-code/if-decl-else-decl-a-global-existing-block-fn-no-init.js => [0m[1m[32mPASSED
[0m[37m./test262/test/annexB/language/global-code/if-decl-no-else-global-skip-early-err-try.js => [0m[1m[33mFAILED
[0m[37m	> Test returned error: Uncaught TypeError: undefined has no properties
./test262/test/annexB/language/global-code/if-decl-else-stmt-global-existing-var-update.js => [0m[1m[32mPASSED
[0m[37m./test262/test/annexB/language/global-code/switch-case-global-existing-global-init.js => [0m[1m[31mERROR: 
[0m[37m	> failed to execute harness file `fnGlobalObject.js`: Uncaught TypeError: tried to call non function value
./test262/test/annexB/language/global-code/if-decl-else-stmt-global-no-skip-try.js => [0m[1m[32mPASSED
[0m[37m./test262/test/annexB/language/global-code/switch-case-global-existing-var-update.js => [0m[1m[32mPASSED
[0m[37m./test262/test/annexB/language/global-code/if-decl-else-decl-b-global-skip-early-err-try.js => [0m[1m[33mFAILED
[0m[37m	> Test returned error: Uncaught TypeError: undefined has no properties
./test262/test/annexB/language/global-code/switch-case-global-block-scoping.js => [0m[1m[33mFAILED
[0m[37m	> Test returned error: Uncaught TypeError: tried to call non function value
./test262/test/annexB/language/global-code/if-decl-else-stmt-global-existing-block-fn-update.js => [0m[1m[32mPASSED
[0m[37m./test262/test/annexB/language/global-code/block-decl-global-existing-non-enumerable-global-init.js => [0m[1m[31mERROR: 
[0m[37m	> failed to execute harness file `fnGlobalObject.js`: Uncaught TypeError: tried to call non function value
./test262/test/annexB/language/global-code/block-decl-global-existing-var-no-init.js => [0m[1m[32mPASSED
[0m[37m./test262/test/annexB/language/global-code/if-stmt-else-decl-global-existing-fn-update.js => [0m[1m[32mPASSED
[0m[37m./test262/test/annexB/language/global-code/switch-dflt-global-existing-block-fn-update.js => [0m[1m[32mPASSED
[0m[37m./test262/test/annexB/language/global-code/if-stmt-else-decl-global-skip-early-err.js => [0m[1m[33mFAILED
[0m[37m	> Test returned error: Uncaught SyntaxError: error: redeclared variable
 --> ??:28:27
   |
29 | if (false) ; else function f() {  }
   |                            ^ variable redeclared here

./test262/test/annexB/language/global-code/switch-dflt-global-init.js => [0m[1m[31mERROR: 
[0m[37m	> failed to execute harness file `fnGlobalObject.js`: Uncaught TypeError: tried to call non function value
./test262/test/annexB/language/global-code/if-decl-no-else-global-existing-non-enumerable-global-init.js => [0m[1m[31mERROR: 
[0m[37m	> failed to execute harness file `fnGlobalObject.js`: Uncaught TypeError: tried to call non function value
./test262/test/annexB/language/global-code/if-decl-else-stmt-global-existing-non-enumerable-global-init.js => [0m[1m[31mERROR: 
[0m[37m	> failed to execute harness file `fnGlobalObject.js`: Uncaught TypeError: tried to call non function value
./test262/test/annexB/language/global-code/switch-case-global-existing-var-no-init.js => [0m[1m[32mPASSED
[0m[37m./test262/test/annexB/language/global-code/if-stmt-else-decl-global-existing-global-init.js => [0m[1m[31mERROR: 
[0m[37m	> failed to execute harness file `fnGlobalObject.js`: Uncaught TypeError: tried to call non function value
./test262/test/annexB/language/global-code/if-decl-else-decl-a-global-existing-global-init.js => [0m[1m[31mERROR: 
[0m[37m	> failed to execute harness file `fnGlobalObject.js`: Uncaught TypeError: tried to call non function value
./test262/test/annexB/language/global-code/if-stmt-else-decl-global-existing-non-enumerable-global-init.js => [0m[1m[31mERROR: 
[0m[37m	> failed to execute harness file `fnGlobalObject.js`: Uncaught TypeError: tried to call non function value
./test262/test/annexB/language/global-code/if-decl-else-decl-a-global-skip-early-err-for-in.js => [0m[1m[33mFAILED
[0m[37m	> Test returned error: Uncaught TypeError: undefined has no properties
./test262/test/annexB/language/global-code/if-stmt-else-decl-global-skip-early-err-for.js => [0m[1m[33mFAILED
[0m[37m	> Test returned error: Uncaught TypeError: undefined has no properties
./test262/test/annexB/language/global-code/if-decl-else-decl-a-global-skip-early-err-for-of.js => [0m[1m[33mFAILED
[0m[37m	> Test returned error: Uncaught SyntaxError: error: unexpected token: found 'of' expected ';'
 --> ??:34:11
   |
35 | for (let f of [0]) {
   |            ^^ 

./test262/test/annexB/language/global-code/if-decl-else-decl-b-global-existing-non-enumerable-global-init.js => [0m[1m[31mERROR: 
[0m[37m	> failed to execute harness file `fnGlobalObject.js`: Uncaught TypeError: tried to call non function value
./test262/test/annexB/language/global-code/if-decl-else-decl-a-global-skip-early-err-block.js => [0m[1m[33mFAILED
[0m[37m	> Test returned error: Uncaught TypeError: undefined has no properties
./test262/test/annexB/language/global-code/if-decl-else-decl-b-global-skip-early-err.js => [0m[1m[33mFAILED
[0m[37m	> Test returned error: Uncaught SyntaxError: error: redeclared variable
 --> ??:28:42
   |
29 | if (false) function _f() {} else function f() {  }
   |                                           ^ variable redeclared here

./test262/test/annexB/language/global-code/if-decl-no-else-global-skip-early-err-for-of.js => [0m[1m[33mFAILED
[0m[37m	> Test returned error: Uncaught SyntaxError: error: unexpected token: found 'of' expected ';'
 --> ??:34:11
   |
35 | for (let f of [0]) {
   |            ^^ 

./test262/test/annexB/language/global-code/if-stmt-else-decl-global-block-scoping.js => [0m[1m[33mFAILED
[0m[37m	> Test returned error: Uncaught TypeError: tried to call non function value
./test262/test/annexB/language/global-code/if-decl-else-stmt-global-existing-fn-update.js => [0m[1m[32mPASSED
[0m[37m./test262/test/annexB/language/global-code/if-stmt-else-decl-global-no-skip-try.js => [0m[1m[32mPASSED
[0m[37m./test262/test/annexB/language/global-code/switch-dflt-global-skip-early-err-for-in.js => [0m[1m[33mFAILED
[0m[37m	> Test returned error: Uncaught TypeError: undefined has no properties
./test262/test/annexB/language/global-code/switch-dflt-global-existing-var-update.js => [0m[1m[32mPASSED
[0m[37m./test262/test/annexB/language/global-code/switch-dflt-global-skip-early-err-for.js => [0m[1m[33mFAILED
[0m[37m	> Test returned error: Uncaught TypeError: undefined has no properties
./test262/test/annexB/language/global-code/switch-dflt-global-existing-fn-update.js => [0m[1m[32mPASSED
[0m[37m./test262/test/annexB/language/global-code/switch-case-global-existing-non-enumerable-global-init.js => [0m[1m[31mERROR: 
[0m[37m	> failed to execute harness file `fnGlobalObject.js`: Uncaught TypeError: tried to call non function value
./test262/test/annexB/language/global-code/if-decl-else-stmt-global-skip-early-err-try.js => [0m[1m[33mFAILED
[0m[37m	> Test returned error: Uncaught TypeError: undefined has no properties
./test262/test/annexB/language/global-code/block-decl-global-skip-early-err-try.js => [0m[1m[33mFAILED
[0m[37m	> Test returned error: Uncaught TypeError: undefined has no properties
./test262/test/annexB/language/global-code/switch-case-global-update.js => [0m[1m[32mPASSED
[0m[37m./test262/test/annexB/language/global-code/block-decl-global-skip-early-err-switch.js => [0m[1m[33mFAILED
[0m[37m	> Test returned error: Uncaught SyntaxError: error: redeclared variable
 --> ??:27:4
   |
28 | let f;
   |     ^ variable redeclared here

./test262/test/annexB/language/global-code/switch-dflt-global-existing-non-enumerable-global-init.js => [0m[1m[31mERROR: 
[0m[37m	> failed to execute harness file `fnGlobalObject.js`: Uncaught TypeError: tried to call non function value
./test262/test/annexB/language/global-code/if-decl-else-stmt-global-update.js => [0m[1m[32mPASSED
[0m[37m./test262/test/annexB/language/global-code/if-decl-no-else-global-block-scoping.js => [0m[1m[33mFAILED
[0m[37m	> Test returned error: Uncaught TypeError: tried to call non function value
./test262/test/annexB/language/global-code/switch-dflt-global-existing-var-no-init.js => [0m[1m[32mPASSED
[0m[37m./test262/test/annexB/language/global-code/switch-dflt-global-existing-global-init.js => [0m[1m[31mERROR: 
[0m[37m	> failed to execute harness file `fnGlobalObject.js`: Uncaught TypeError: tried to call non function value
./test262/test/annexB/language/global-code/switch-case-global-existing-fn-update.js => [0m[1m[32mPASSED
[0m[37m./test262/test/annexB/language/global-code/switch-dflt-global-block-scoping.js => [0m[1m[33mFAILED
[0m[37m	> Test returned error: Uncaught TypeError: tried to call non function value
./test262/test/annexB/language/global-code/switch-case-global-existing-block-fn-update.js => [0m[1m[32mPASSED
[0m[37m./test262/test/annexB/language/global-code/block-decl-global-existing-block-fn-no-init.js => [0m[1m[32mPASSED
[0m[37m./test262/test/annexB/language/global-code/if-decl-else-decl-b-global-no-skip-try.js => [0m[1m[32mPASSED
[0m[37m./test262/test/annexB/language/global-code/if-stmt-else-decl-global-existing-fn-no-init.js => [0m[1m[33mFAILED
[0m[37m	> Test returned error: Uncaught TypeError: tried to call non function value
./test262/test/annexB/language/global-code/if-decl-no-else-global-existing-global-init.js => [0m[1m[31mERROR: 
[0m[37m	> failed to execute harness file `fnGlobalObject.js`: Uncaught TypeError: tried to call non function value
./test262/test/annexB/language/global-code/switch-case-global-skip-early-err.js => [0m[1m[33mFAILED
[0m[37m	> Test returned error: Uncaught SyntaxError: error: redeclared variable
 --> ??:21:9
   |
22 | function f() {  }
   |          ^ variable redeclared here

./test262/test/annexB/language/global-code/if-stmt-else-decl-global-init.js => [0m[1m[31mERROR: 
[0m[37m	> failed to execute harness file `fnGlobalObject.js`: Uncaught TypeError: tried to call non function value
./test262/test/annexB/language/global-code/switch-dflt-global-skip-early-err-try.js => [0m[1m[33mFAILED
[0m[37m	> Test returned error: Uncaught TypeError: undefined has no properties
./test262/test/annexB/language/global-code/switch-case-global-no-skip-try.js => [0m[1m[32mPASSED
[0m[37m./test262/test/annexB/language/global-code/switch-case-global-skip-early-err-for.js => [0m[1m[33mFAILED
[0m[37m	> Test returned error: Uncaught TypeError: undefined has no properties
./test262/test/annexB/language/global-code/if-stmt-else-decl-global-existing-var-no-init.js => [0m[1m[32mPASSED
[0m[37m./test262/test/annexB/language/global-code/if-decl-else-decl-b-global-skip-early-err-for-in.js => [0m[1m[33mFAILED
[0m[37m	> Test returned error: Uncaught TypeError: undefined has no properties
./test262/test/annexB/language/global-code/if-decl-else-stmt-global-existing-fn-no-init.js => [0m[1m[33mFAILED
[0m[37m	> Test returned error: Uncaught TypeError: tried to call non function value
./test262/test/annexB/language/global-code/switch-case-global-skip-early-err-for-in.js => [0m[1m[33mFAILED
[0m[37m	> Test returned error: Uncaught TypeError: undefined has no properties
./test262/test/annexB/language/global-code/if-decl-else-decl-b-global-existing-fn-no-init.js => [0m[1m[33mFAILED
[0m[37m	> Test returned error: Uncaught TypeError: tried to call non function value
./test262/test/annexB/language/global-code/if-decl-else-decl-b-global-skip-early-err-for.js => [0m[1m[33mFAILED
[0m[37m	> Test returned error: Uncaught TypeError: undefined has no properties
./test262/test/annexB/language/global-code/if-stmt-else-decl-global-existing-block-fn-update.js => [0m[1m[32mPASSED
[0m[37m./test262/test/annexB/language/global-code/block-decl-global-update.js => [0m[1m[32mPASSED
[0m[37m./test262/test/annexB/language/global-code/if-stmt-else-decl-global-skip-early-err-try.js => [0m[1m[33mFAILED
[0m[37m	> Test returned error: Uncaught TypeError: undefined has no properties
./test262/test/annexB/language/global-code/if-decl-no-else-global-skip-early-err-switch.js => [0m[1m[33mFAILED
[0m[37m	> Test returned error: Uncaught SyntaxError: error: redeclared variable
 --> ??:36:4
   |
37 | let f;
   |     ^ variable redeclared here

./test262/test/annexB/language/global-code/if-decl-no-else-global-existing-var-update.js => [0m[1m[32mPASSED
[0m[37m./test262/test/annexB/language/global-code/if-decl-else-decl-a-global-existing-non-enumerable-global-init.js => [0m[1m[31mERROR: 
[0m[37m	> failed to execute harness file `fnGlobalObject.js`: Uncaught TypeError: tried to call non function value
./test262/test/annexB/language/global-code/if-decl-else-stmt-global-block-scoping.js => [0m[1m[33mFAILED
[0m[37m	> Test returned error: Uncaught TypeError: tried to call non function value
./test262/test/annexB/language/global-code/if-decl-else-decl-a-global-skip-early-err.js => [0m[1m[33mFAILED
[0m[37m	> Test returned error: Uncaught SyntaxError: error: redeclared variable
 --> ??:28:19
   |
29 | if (true) function f() {  } else function _f() {}
   |                    ^ variable redeclared here

./test262/test/annexB/language/global-code/if-decl-else-decl-b-global-existing-var-update.js => [0m[1m[32mPASSED
[0m[37m./test262/test/annexB/language/global-code/switch-dflt-global-skip-early-err-switch.js => [0m[1m[33mFAILED
[0m[37m	> Test returned error: Uncaught SyntaxError: error: redeclared variable
 --> ??:27:4
   |
28 | let f;
   |     ^ variable redeclared here

./test262/test/annexB/language/global-code/block-decl-global-existing-global-init.js => [0m[1m[31mERROR: 
[0m[37m	> failed to execute harness file `fnGlobalObject.js`: Uncaught TypeError: tried to call non function value
./test262/test/annexB/language/global-code/if-decl-no-else-global-update.js => [0m[1m[32mPASSED
[0m[37m./test262/test/annexB/language/global-code/if-decl-else-decl-a-global-block-scoping.js => [0m[1m[33mFAILED
[0m[37m	> Test returned error: Uncaught TypeError: tried to call non function value
./test262/test/annexB/language/global-code/block-decl-global-block-scoping.js => [0m[1m[33mFAILED
[0m[37m	> Test returned error: Uncaught TypeError: tried to call non function value
./test262/test/annexB/language/global-code/if-decl-else-decl-b-global-existing-block-fn-update.js => [0m[1m[32mPASSED
[0m[37m./test262/test/annexB/language/global-code/block-decl-global-init.js => [0m[1m[31mERROR: 
[0m[37m	> failed to execute harness file `fnGlobalObject.js`: Uncaught TypeError: tried to call non function value
./test262/test/annexB/language/global-code/if-decl-no-else-global-skip-early-err-for-in.js => [0m[1m[33mFAILED
[0m[37m	> Test returned error: Uncaught TypeError: undefined has no properties
./test262/test/annexB/language/global-code/if-decl-no-else-global-skip-early-err-for.js => [0m[1m[33mFAILED
[0m[37m	> Test returned error: Uncaught TypeError: undefined has no properties
./test262/test/annexB/language/global-code/switch-case-global-existing-fn-no-init.js => [0m[1m[33mFAILED
[0m[37m	> Test returned error: Uncaught TypeError: tried to call non function value
./test262/test/annexB/language/global-code/switch-case-global-init.js => [0m[1m[31mERROR: 
[0m[37m	> failed to execute harness file `fnGlobalObject.js`: Uncaught TypeError: tried to call non function value
./test262/test/annexB/language/global-code/if-decl-else-decl-a-global-skip-early-err-for.js => [0m[1m[33mFAILED
[0m[37m	> Test returned error: Uncaught TypeError: undefined has no properties
./test262/test/annexB/language/global-code/if-decl-else-decl-b-global-existing-var-no-init.js => [0m[1m[32mPASSED
[0m[37m./test262/test/annexB/language/global-code/switch-case-global-skip-early-err-try.js => [0m[1m[33mFAILED
[0m[37m	> Test returned error: Uncaught TypeError: undefined has no properties
./test262/test/annexB/language/global-code/if-decl-else-stmt-global-init.js => [0m[1m[31mERROR: 
[0m[37m	> failed to execute harness file `fnGlobalObject.js`: Uncaught TypeError: tried to call non function value
./test262/test/annexB/language/expressions/template-literal/legacy-octal-escape-sequence-strict.js => [0m[1m[32mPASSED
[0m[37m./test262/test/annexB/language/expressions/template-literal/legacy-octal-escape-sequence-non-strict.js => [0m[1m[33mFAILED
[0m[37m	> Test returned error: Uncaught SyntaxError: error: invalid token
 --> ??:12:17
   |
13 | assert.sameValue(`${'\07'}`, '\u0007');
   |                  ^^ 

./test262/test/annexB/language/expressions/yield/star-iterable-return-emulates-undefined-throws-when-called.js => [0m[1m[33mFAILED
[0m[37m	> Test returned error: Uncaught SyntaxError: error: unexpected token: found '[' expected 'ident'
 --> ??:14:0
   |
15 | [Symbol.iterator]() { return this; },
   | ^ 

./test262/test/annexB/language/expressions/object/__proto__-value-obj.js => [0m[1m[33mFAILED
[0m[37m	> Test returned error: Uncaught Test262Error: Expected SameValue(Â«[Object object]Â», Â«[Object object]Â») to be true
./test262/test/annexB/language/expressions/object/__proto__-duplicate.js => [0m[1m[32mPASSED
[0m[37m./test262/test/annexB/language/expressions/object/__proto__-fn-name.js => [0m[1m[32mPASSED
[0m[37m./test262/test/annexB/language/expressions/object/__proto__-value-null.js => [0m[1m[33mFAILED
[0m[37m	> Test returned error: Uncaught Test262Error: Expected SameValue(Â«[Object object]Â», Â«nullÂ») to be true
./test262/test/annexB/language/expressions/object/__proto__-duplicate-computed.js => [0m[1m[33mFAILED
[0m[37m	> Test returned error: Uncaught SyntaxError: error: unexpected token: found '[' expected 'ident'
 --> ??:34:0
   |
35 | ['__proto__']: {},
   | ^ 

./test262/test/annexB/language/expressions/object/__proto__-value-non-object.js => [0m[1m[33mFAILED
[0m[37m	> Test returned error: Uncaught TypeError: tried to call non function value
./test262/test/annexB/language/comments/single-line-html-close-asi.js => [0m[1m[32mPASSED
[0m[37m./test262/test/annexB/language/comments/single-line-html-close-unicode-separators.js => [0m[1m[34mPANICKED
[0m[37m	> byte index 1215 is not a char boundary; it is inside '\u{2028}' (bytes 1214..1217) of `// Copyright (C) 2016 the V8 project authors. All rights reserved.
// This code is governed by the BSD license found in the LICENSE file.
/*---
esid: sec-html-like-comments
description: SingleLineHTMLCloseComment
info: |
    Comment ::
      MultiLineComme`[...]
./test262/test/annexB/language/comments/single-line-html-open.js => [0m[1m[32mPASSED
[0m[37m./test262/test/annexB/language/comments/single-line-html-close.js => [0m[1m[32mPASSED
[0m[37m./test262/test/annexB/language/comments/multi-line-html-close.js => [0m[1m[32mPASSED
[0m[37m./test262/test/annexB/language/statements/try/catch-redeclared-for-var.js => [0m[1m[32mPASSED
[0m[37m./test262/test/annexB/language/statements/try/catch-redeclared-var-statement.js => [0m[1m[33mFAILED
[0m[37m	> Test returned error: Uncaught Test262Error: Expected SameValue(Â«initializer in catchÂ», Â«prior to throwÂ») to be true
./test262/test/annexB/language/statements/try/catch-redeclared-var-statement-captured.js => [0m[1m[33mFAILED
[0m[37m	> Test returned error: Uncaught Test262Error: Expected SameValue(Â«initializer in catchÂ», Â«prior to throwÂ») to be true
./test262/test/annexB/language/statements/try/catch-redeclared-for-in-var.js => [0m[1m[33mFAILED
[0m[37m	> Test returned error: Uncaught RuntimeError: invalid instruction
./test262/test/annexB/language/statements/try/catch-redeclared-for-of-var.js => [0m[1m[33mFAILED
[0m[37m	> Test returned error: Uncaught SyntaxError: error: unexpected token: found 'of' expected ';'
 --> ??:18:13
   |
19 | for (var err of [2]) {
   |              ^^ 

./test262/test/annexB/language/statements/labeled/function-declaration.js => [0m[1m[33mFAILED
[0m[37m	> Test returned error: Uncaught SyntaxError: error: unexpected token: found ':' expected one of: [\n,;]
 --> ??:9:5
   |
10 | label: function g() {}
   |      ^ expected expression to end

./test262/test/annexB/language/statements/for-in/const-initializer.js => [0m[1m[32mPASSED
[0m[37m./test262/test/annexB/language/statements/for-in/nonstrict-initializer.js => [0m[1m[33mFAILED
[0m[37m	> Test returned error: Uncaught SyntaxError: error: parser encountered an unimplemented path in: crates/parser/src/prime.rs:86, Sorry! token: DelimClose(Brace)
 --> ??:12:0
   |
13 | })();
   | ^ 

./test262/test/annexB/language/statements/for-in/var-objectbindingpattern-initializer.js => [0m[1m[32mPASSED
[0m[37m./test262/test/annexB/language/statements/for-in/bare-initializer.js => [0m[1m[32mPASSED
[0m[37m./test262/test/annexB/language/statements/for-in/strict-initializer.js => [0m[1m[32mPASSED
[0m[37m./test262/test/annexB/language/statements/for-in/let-initializer.js => [0m[1m[32mPASSED
[0m[37m./test262/test/annexB/language/statements/for-in/var-arraybindingpattern-initializer.js => [0m[1m[32mPASSED
[0m[37m./test262/test/annexB/language/statements/for-await-of/iterator-close-return-emulates-undefined-throws-when-called.js => [0m[1m[33mFAILED
[0m[37m	> Test returned error: Uncaught SyntaxError: error: unexpected token: found 'function' expected one of: [\n,;]
 --> ??:13:6
   |
14 | async function f() {
   |       ^^^^^^^^ expected expression to end

./test262/test/annexB/language/statements/for-of/iterator-close-return-emulates-undefined-throws-when-called.js => [0m[1m[33mFAILED
[0m[37m	> Test returned error: Uncaught SyntaxError: error: unexpected token: found '[' expected 'ident'
 --> ??:13:0
   |
14 | [Symbol.iterator]() { return this; },
   | ^ 

./test262/test/annexB/language/function-code/if-decl-no-else-func-skip-early-err-for-in.js => [0m[1m[33mFAILED
[0m[37m	> Test returned error: Uncaught TypeError: undefined has no properties
./test262/test/annexB/language/function-code/if-decl-else-decl-a-func-no-skip-try.js => [0m[1m[33mFAILED
[0m[37m	> Test returned error: Uncaught Test262Error: binding value is updated following evaluation Expected SameValue(Â«undefinedÂ», Â«functionÂ») to be true
./test262/test/annexB/language/function-code/if-decl-else-decl-b-func-update.js => [0m[1m[32mPASSED
[0m[37m./test262/test/annexB/language/function-code/if-decl-else-stmt-func-skip-param.js => [0m[1m[33mFAILED
[0m[37m	> Test returned error: Uncaught SyntaxError: error: unexpected token: found '(' expected '=>'
 --> ??:30:20
   |
31 | if (true) function f() {  } else ;
   |                     ^ expected arrow function declaration

./test262/test/annexB/language/function-code/if-decl-else-stmt-func-skip-early-err.js => [0m[1m[33mFAILED
[0m[37m	> Test returned error: Uncaught SyntaxError: error: unexpected token: found '(' expected '=>'
 --> ??:31:20
   |
32 | if (true) function f() {  } else ;
   |                     ^ expected arrow function declaration

./test262/test/annexB/language/function-code/if-decl-else-stmt-func-existing-block-fn-update.js => [0m[1m[32mPASSED
[0m[37m./test262/test/annexB/language/function-code/if-decl-else-decl-b-func-existing-block-fn-update.js => [0m[1m[32mPASSED
[0m[37m./test262/test/annexB/language/function-code/block-decl-func-skip-early-err-for-of.js => [0m[1m[33mFAILED
[0m[37m	> Test returned error: Uncaught SyntaxError: error: unexpected token: found '[' expected '=>'
 --> ??:27:14
   |
28 | for (let f of [0]) {
   |               ^ expected arrow function declaration

./test262/test/annexB/language/function-code/switch-case-func-skip-early-err-for-in.js => [0m[1m[33mFAILED
[0m[37m	> Test returned error: Uncaught TypeError: undefined has no properties
./test262/test/annexB/language/function-code/if-stmt-else-decl-func-existing-block-fn-update.js => [0m[1m[32mPASSED
[0m[37m./test262/test/annexB/language/function-code/if-decl-no-else-func-init.js => [0m[1m[33mFAILED
[0m[37m	> Test returned error: Uncaught TypeError: undefined has no properties
./test262/test/annexB/language/function-code/block-decl-func-block-scoping.js => [0m[1m[33mFAILED
[0m[37m	> Test returned error: Uncaught TypeError: tried to call non function value
./test262/test/annexB/language/function-code/if-decl-else-decl-a-func-skip-dft-param.js => [0m[1m[33mFAILED
[0m[37m	> Test returned error: Uncaught SyntaxError: error: unexpected token: found '=' expected '=>'
 --> ??:27:12
   |
28 | (function(f = 123) {
   |             ^ expected arrow function declaration

./test262/test/annexB/language/function-code/if-decl-no-else-func-existing-fn-update.js => [0m[1m[32mPASSED
[0m[37m./test262/test/annexB/language/function-code/if-decl-else-decl-b-func-skip-early-err-try.js => [0m[1m[33mFAILED
[0m[37m	> Test returned error: Uncaught TypeError: undefined has no properties
./test262/test/annexB/language/function-code/if-decl-else-stmt-func-skip-early-err-switch.js => [0m[1m[33mFAILED
[0m[37m	> Test returned error: Uncaught SyntaxError: error: unexpected token: found 'if' expected '=>'
 --> ??:40:0
   |
41 | if (true) function f() {  } else ;
   | ^^ expected arrow function declaration

./test262/test/annexB/language/function-code/switch-case-func-init.js => [0m[1m[33mFAILED
[0m[37m	> Test returned error: Uncaught TypeError: undefined has no properties
./test262/test/annexB/language/function-code/if-decl-else-decl-b-func-init.js => [0m[1m[33mFAILED
[0m[37m	> Test returned error: Uncaught TypeError: undefined has no properties
./test262/test/annexB/language/function-code/if-decl-else-decl-b-func-existing-fn-update.js => [0m[1m[32mPASSED
[0m[37m./test262/test/annexB/language/function-code/if-decl-no-else-func-skip-early-err-for-of.js => [0m[1m[33mFAILED
[0m[37m	> Test returned error: Uncaught SyntaxError: error: unexpected token: found '[' expected '=>'
 --> ??:36:14
   |
37 | for (let f of [0]) {
   |               ^ expected arrow function declaration

./test262/test/annexB/language/function-code/if-decl-no-else-func-update.js => [0m[1m[32mPASSED
[0m[37m./test262/test/annexB/language/function-code/if-decl-else-stmt-func-existing-block-fn-no-init.js => [0m[1m[32mPASSED
[0m[37m./test262/test/annexB/language/function-code/if-decl-else-stmt-func-no-skip-try.js => [0m[1m[33mFAILED
[0m[37m	> Test returned error: Uncaught Test262Error: binding value is updated following evaluation Expected SameValue(Â«undefinedÂ», Â«functionÂ») to be true
./test262/test/annexB/language/function-code/block-decl-func-existing-var-update.js => [0m[1m[32mPASSED
[0m[37m./test262/test/annexB/language/function-code/switch-dflt-func-existing-var-update.js => [0m[1m[32mPASSED
[0m[37m./test262/test/annexB/language/function-code/if-decl-else-stmt-func-skip-early-err-try.js => [0m[1m[33mFAILED
[0m[37m	> Test returned error: Uncaught TypeError: undefined has no properties
./test262/test/annexB/language/function-code/block-decl-func-existing-block-fn-update.js => [0m[1m[32mPASSED
[0m[37m./test262/test/annexB/language/function-code/switch-case-func-existing-fn-no-init.js => [0m[1m[33mFAILED
[0m[37m	> Test returned error: Uncaught TypeError: tried to call non function value
./test262/test/annexB/language/function-code/switch-case-func-skip-early-err-try.js => [0m[1m[33mFAILED
[0m[37m	> Test returned error: Uncaught TypeError: undefined has no properties
./test262/test/annexB/language/function-code/if-decl-else-decl-a-func-existing-var-no-init.js => [0m[1m[32mPASSED
[0m[37m./test262/test/annexB/language/function-code/switch-case-func-skip-early-err-for-of.js => [0m[1m[33mFAILED
[0m[37m	> Test returned error: Uncaught SyntaxError: error: unexpected token: found '[' expected '=>'
 --> ??:27:14
   |
28 | for (let f of [0]) {
   |               ^ expected arrow function declaration

./test262/test/annexB/language/function-code/if-stmt-else-decl-func-existing-var-update.js => [0m[1m[32mPASSED
[0m[37m./test262/test/annexB/language/function-code/if-stmt-else-decl-func-skip-early-err-for-of.js => [0m[1m[33mFAILED
[0m[37m	> Test returned error: Uncaught SyntaxError: error: unexpected token: found '[' expected '=>'
 --> ??:36:14
   |
37 | for (let f of [0]) {
   |               ^ expected arrow function declaration

./test262/test/annexB/language/function-code/if-decl-else-decl-a-func-existing-block-fn-no-init.js => [0m[1m[32mPASSED
[0m[37m./test262/test/annexB/language/function-code/switch-case-func-skip-param.js => [0m[1m[33mFAILED
[0m[37m	> Test returned error: Uncaught SyntaxError: error: unexpected token: found '(' expected '=>'
 --> ??:23:10
   |
24 | function f() {  }
   |           ^ expected arrow function declaration

./test262/test/annexB/language/function-code/block-decl-func-init.js => [0m[1m[33mFAILED
[0m[37m	> Test returned error: Uncaught TypeError: undefined has no properties
./test262/test/annexB/language/function-code/switch-case-func-no-skip-try.js => [0m[1m[33mFAILED
[0m[37m	> Test returned error: Uncaught Test262Error: binding value is updated following evaluation Expected SameValue(Â«undefinedÂ», Â«functionÂ») to be true
./test262/test/annexB/language/function-code/block-decl-nested-blocks-with-fun-decl.js => [0m[1m[33mFAILED
[0m[37m	> Test returned error: Uncaught TypeError: tried to call non function value
./test262/test/annexB/language/function-code/if-decl-no-else-func-existing-fn-no-init.js => [0m[1m[33mFAILED
[0m[37m	> Test returned error: Uncaught TypeError: tried to call non function value
./test262/test/annexB/language/function-code/switch-dflt-func-skip-early-err-switch.js => [0m[1m[33mFAILED
[0m[37m	> Test returned error: Uncaught SyntaxError: error: unexpected token: found 'switch' expected '=>'
 --> ??:31:0
   |
32 | switch (1) {
   | ^^^^^^ expected arrow function declaration

./test262/test/annexB/language/function-code/if-decl-else-stmt-func-block-scoping.js => [0m[1m[33mFAILED
[0m[37m	> Test returned error: Uncaught TypeError: tried to call non function value
./test262/test/annexB/language/function-code/switch-case-func-existing-var-no-init.js => [0m[1m[32mPASSED
[0m[37m./test262/test/annexB/language/function-code/switch-dflt-func-no-skip-try.js => [0m[1m[33mFAILED
[0m[37m	> Test returned error: Uncaught Test262Error: binding value is updated following evaluation Expected SameValue(Â«undefinedÂ», Â«functionÂ») to be true
./test262/test/annexB/language/function-code/switch-case-func-skip-dft-param.js => [0m[1m[33mFAILED
[0m[37m	> Test returned error: Uncaught SyntaxError: error: unexpected token: found '=' expected '=>'
 --> ??:18:12
   |
19 | (function(f = 123) {
   |             ^ expected arrow function declaration

./test262/test/annexB/language/function-code/switch-dflt-func-skip-early-err-for-of.js => [0m[1m[33mFAILED
[0m[37m	> Test returned error: Uncaught SyntaxError: error: unexpected token: found '[' expected '=>'
 --> ??:27:14
   |
28 | for (let f of [0]) {
   |               ^ expected arrow function declaration

./test262/test/annexB/language/function-code/if-decl-else-decl-b-func-skip-dft-param.js => [0m[1m[33mFAILED
[0m[37m	> Test returned error: Uncaught SyntaxError: error: unexpected token: found '=' expected '=>'
 --> ??:27:12
   |
28 | (function(f = 123) {
   |             ^ expected arrow function declaration

./test262/test/annexB/language/function-code/if-decl-else-decl-a-func-existing-fn-no-init.js => [0m[1m[33mFAILED
[0m[37m	> Test returned error: Uncaught TypeError: tried to call non function value
./test262/test/annexB/language/function-code/switch-case-func-existing-block-fn-no-init.js => [0m[1m[32mPASSED
[0m[37m./test262/test/annexB/language/function-code/if-decl-else-decl-b-func-skip-early-err-for-in.js => [0m[1m[33mFAILED
[0m[37m	> Test returned error: Uncaught TypeError: undefined has no properties
./test262/test/annexB/language/function-code/function-redeclaration-block.js => [0m[1m[32mPASSED
[0m[37m./test262/test/annexB/language/function-code/if-stmt-else-decl-func-skip-dft-param.js => [0m[1m[33mFAILED
[0m[37m	> Test returned error: Uncaught SyntaxError: error: unexpected token: found '=' expected '=>'
 --> ??:27:12
   |
28 | (function(f = 123) {
   |             ^ expected arrow function declaration

./test262/test/annexB/language/function-code/switch-dflt-func-init.js => [0m[1m[33mFAILED
[0m[37m	> Test returned error: Uncaught TypeError: undefined has no properties
./test262/test/annexB/language/function-code/if-stmt-else-decl-func-skip-early-err-for.js => [0m[1m[33mFAILED
[0m[37m	> Test returned error: Uncaught TypeError: undefined has no properties
./test262/test/annexB/language/function-code/block-decl-func-skip-arguments.js => [0m[1m[33mFAILED
[0m[37m	> Test returned error: Uncaught TypeError: undefined has no properties
./test262/test/annexB/language/function-code/switch-dflt-func-update.js => [0m[1m[32mPASSED
[0m[37m./test262/test/annexB/language/function-code/if-stmt-else-decl-func-existing-fn-update.js => [0m[1m[32mPASSED
[0m[37m./test262/test/annexB/language/function-code/block-decl-func-skip-early-err-switch.js => [0m[1m[33mFAILED
[0m[37m	> Test returned error: Uncaught SyntaxError: error: unexpected token: found 'f' expected '=>'
 --> ??:32:9
   |
33 | function f() {  }
   |          ^ expected arrow function declaration

./test262/test/annexB/language/function-code/if-decl-else-stmt-func-existing-var-no-init.js => [0m[1m[32mPASSED
[0m[37m./test262/test/annexB/language/function-code/if-decl-no-else-func-existing-block-fn-update.js => [0m[1m[32mPASSED
[0m[37m./test262/test/annexB/language/function-code/block-decl-func-update.js => [0m[1m[32mPASSED
[0m[37m./test262/test/annexB/language/function-code/if-stmt-else-decl-func-existing-block-fn-no-init.js => [0m[1m[32mPASSED
[0m[37m./test262/test/annexB/language/function-code/if-decl-else-decl-a-func-init.js => [0m[1m[33mFAILED
[0m[37m	> Test returned error: Uncaught TypeError: undefined has no properties
./test262/test/annexB/language/function-code/block-decl-func-skip-early-err-for.js => [0m[1m[33mFAILED
[0m[37m	> Test returned error: Uncaught TypeError: undefined has no properties
./test262/test/annexB/language/function-code/if-decl-no-else-func-skip-early-err-for.js => [0m[1m[33mFAILED
[0m[37m	> Test returned error: Uncaught TypeError: undefined has no properties
./test262/test/annexB/language/function-code/switch-case-decl-nostrict.js => [0m[1m[32mPASSED
[0m[37m./test262/test/annexB/language/function-code/if-decl-else-decl-a-func-skip-early-err-for-in.js => [0m[1m[33mFAILED
[0m[37m	> Test returned error: Uncaught TypeError: undefined has no properties
./test262/test/annexB/language/function-code/block-decl-nostrict.js => [0m[1m[32mPASSED
[0m[37m./test262/test/annexB/language/function-code/if-decl-else-decl-b-func-skip-early-err-for-of.js => [0m[1m[33mFAILED
[0m[37m	> Test returned error: Uncaught SyntaxError: error: unexpected token: found '[' expected '=>'
 --> ??:36:14
   |
37 | for (let f of [0]) {
   |               ^ expected arrow function declaration

./test262/test/annexB/language/function-code/block-decl-func-skip-early-err-for-in.js => [0m[1m[33mFAILED
[0m[37m	> Test returned error: Uncaught TypeError: undefined has no properties
./test262/test/annexB/language/function-code/if-decl-else-stmt-func-update.js => [0m[1m[32mPASSED
[0m[37m./test262/test/annexB/language/function-code/if-stmt-else-decl-func-existing-fn-no-init.js => [0m[1m[33mFAILED
[0m[37m	> Test returned error: Uncaught TypeError: tried to call non function value
./test262/test/annexB/language/function-code/switch-dflt-func-skip-param.js => [0m[1m[33mFAILED
[0m[37m	> Test returned error: Uncaught SyntaxError: error: unexpected token: found '(' expected '=>'
 --> ??:23:10
   |
24 | function f() {  }
   |           ^ expected arrow function declaration

./test262/test/annexB/language/function-code/if-decl-no-else-func-skip-dft-param.js => [0m[1m[33mFAILED
[0m[37m	> Test returned error: Uncaught SyntaxError: error: unexpected token: found '=' expected '=>'
 --> ??:27:12
   |
28 | (function(f = 123) {
   |             ^ expected arrow function declaration

./test262/test/annexB/language/function-code/if-decl-no-else-func-block-scoping.js => [0m[1m[33mFAILED
[0m[37m	> Test returned error: Uncaught TypeError: tried to call non function value
./test262/test/annexB/language/function-code/if-decl-no-else-func-skip-param.js => [0m[1m[33mFAILED
[0m[37m	> Test returned error: Uncaught SyntaxError: error: unexpected token: found '(' expected '=>'
 --> ??:30:20
   |
31 | if (true) function f() {  }
   |                     ^ expected arrow function declaration

./test262/test/annexB/language/function-code/if-decl-else-decl-b-func-no-skip-try.js => [0m[1m[33mFAILED
[0m[37m	> Test returned error: Uncaught Test262Error: binding value is updated following evaluation Expected SameValue(Â«undefinedÂ», Â«functionÂ») to be true
./test262/test/annexB/language/function-code/if-decl-no-else-func-skip-early-err-try.js => [0m[1m[33mFAILED
[0m[37m	> Test returned error: Uncaught TypeError: undefined has no properties
./test262/test/annexB/language/function-code/if-decl-else-stmt-func-init.js => [0m[1m[33mFAILED
[0m[37m	> Test returned error: Uncaught TypeError: undefined has no properties
./test262/test/annexB/language/function-code/if-stmt-else-decl-func-block-scoping.js => [0m[1m[33mFAILED
[0m[37m	> Test returned error: Uncaught TypeError: tried to call non function value
./test262/test/annexB/language/function-code/switch-case-func-skip-early-err-block.js => [0m[1m[33mFAILED
[0m[37m	> Test returned error: Uncaught TypeError: undefined has no properties
./test262/test/annexB/language/function-code/switch-dflt-func-existing-fn-no-init.js => [0m[1m[33mFAILED
[0m[37m	> Test returned error: Uncaught TypeError: tried to call non function value
./test262/test/annexB/language/function-code/if-decl-else-decl-b-func-skip-early-err-switch.js => [0m[1m[33mFAILED
[0m[37m	> Test returned error: Uncaught SyntaxError: error: unexpected token: found 'if' expected '=>'
 --> ??:40:0
   |
41 | if (false) function _f() {} else function f() {  }
   | ^^ expected arrow function declaration

./test262/test/annexB/language/function-code/block-decl-func-existing-var-no-init.js => [0m[1m[32mPASSED
[0m[37m./test262/test/annexB/language/function-code/if-decl-else-stmt-func-existing-fn-no-init.js => [0m[1m[33mFAILED
[0m[37m	> Test returned error: Uncaught TypeError: tried to call non function value
./test262/test/annexB/language/function-code/if-stmt-else-decl-func-skip-early-err-block.js => [0m[1m[33mFAILED
[0m[37m	> Test returned error: Uncaught TypeError: undefined has no properties
./test262/test/annexB/language/function-code/switch-case-func-block-scoping.js => [0m[1m[33mFAILED
[0m[37m	> Test returned error: Uncaught TypeError: tried to call non function value
./test262/test/annexB/language/function-code/switch-case-func-existing-var-update.js => [0m[1m[32mPASSED
[0m[37m./test262/test/annexB/language/function-code/if-decl-no-else-func-no-skip-try.js => [0m[1m[33mFAILED
[0m[37m	> Test returned error: Uncaught Test262Error: binding value is updated following evaluation Expected SameValue(Â«undefinedÂ», Â«functionÂ») to be true
./test262/test/annexB/language/function-code/if-decl-else-stmt-func-skip-early-err-for-in.js => [0m[1m[33mFAILED
[0m[37m	> Test returned error: Uncaught TypeError: undefined has no properties
./test262/test/annexB/language/function-code/switch-dflt-func-existing-block-fn-update.js => [0m[1m[32mPASSED
[0m[37m./test262/test/annexB/language/function-code/if-decl-else-decl-a-func-skip-param.js => [0m[1m[33mFAILED
[0m[37m	> Test returned error: Uncaught SyntaxError: error: unexpected token: found '(' expected '=>'
 --> ??:30:20
   |
31 | if (true) function f() {  } else function _f() {}
   |                     ^ expected arrow function declaration

./test262/test/annexB/language/function-code/if-decl-else-decl-a-func-skip-early-err-block.js => [0m[1m[33mFAILED
[0m[37m	> Test returned error: Uncaught TypeError: undefined has no properties
./test262/test/annexB/language/function-code/switch-dflt-func-existing-var-no-init.js => [0m[1m[32mPASSED
[0m[37m./test262/test/annexB/language/function-code/block-decl-func-skip-early-err-try.js => [0m[1m[33mFAILED
[0m[37m	> Test returned error: Uncaught TypeError: undefined has no properties
./test262/test/annexB/language/function-code/block-decl-func-skip-param.js => [0m[1m[33mFAILED
[0m[37m	> Test returned error: Uncaught SyntaxError: error: unexpected token: found '(' expected '=>'
 --> ??:22:10
   |
23 | function f() {  }
   |           ^ expected arrow function declaration

./test262/test/annexB/language/function-code/switch-case-func-update.js => [0m[1m[32mPASSED
[0m[37m./test262/test/annexB/language/function-code/switch-dflt-func-skip-early-err-block.js => [0m[1m[33mFAILED
[0m[37m	> Test returned error: Uncaught TypeError: undefined has no properties
./test262/test/annexB/language/function-code/if-decl-no-else-func-existing-block-fn-no-init.js => [0m[1m[32mPASSED
[0m[37m./test262/test/annexB/language/function-code/if-decl-no-else-func-skip-early-err-switch.js => [0m[1m[33mFAILED
[0m[37m	> Test returned error: Uncaught SyntaxError: error: unexpected token: found 'if' expected '=>'
 --> ??:40:0
   |
41 | if (true) function f() {  }
   | ^^ expected arrow function declaration

./test262/test/annexB/language/function-code/if-decl-no-else-func-existing-var-no-init.js => [0m[1m[32mPASSED
[0m[37m./test262/test/annexB/language/function-code/if-decl-else-decl-b-func-skip-early-err-block.js => [0m[1m[33mFAILED
[0m[37m	> Test returned error: Uncaught TypeError: undefined has no properties
./test262/test/annexB/language/function-code/if-decl-else-stmt-func-skip-dft-param.js => [0m[1m[33mFAILED
[0m[37m	> Test returned error: Uncaught SyntaxError: error: unexpected token: found '=' expected '=>'
 --> ??:27:12
   |
28 | (function(f = 123) {
   |             ^ expected arrow function declaration

./test262/test/annexB/language/function-code/if-decl-else-decl-b-func-skip-early-err.js => [0m[1m[33mFAILED
[0m[37m	> Test returned error: Uncaught SyntaxError: error: unexpected token: found '(' expected '=>'
 --> ??:31:43
   |
32 | if (false) function _f() {} else function f() {  }
   |                                            ^ expected arrow function declaration

./test262/test/annexB/language/function-code/if-decl-else-decl-a-func-existing-fn-update.js => [0m[1m[32mPASSED
[0m[37m./test262/test/annexB/language/function-code/switch-dflt-decl-nostrict.js => [0m[1m[32mPASSED
[0m[37m./test262/test/annexB/language/function-code/if-stmt-else-decl-func-skip-early-err-try.js => [0m[1m[33mFAILED
[0m[37m	> Test returned error: Uncaught TypeError: undefined has no properties
./test262/test/annexB/language/function-code/if-stmt-else-decl-func-skip-param.js => [0m[1m[33mFAILED
[0m[37m	> Test returned error: Uncaught SyntaxError: error: unexpected token: found '(' expected '=>'
 --> ??:30:28
   |
31 | if (false) ; else function f() {  }
   |                             ^ expected arrow function declaration

./test262/test/annexB/language/function-code/switch-dflt-func-block-scoping.js => [0m[1m[33mFAILED
[0m[37m	> Test returned error: Uncaught TypeError: tried to call non function value
./test262/test/annexB/language/function-code/switch-dflt-func-existing-block-fn-no-init.js => [0m[1m[32mPASSED
[0m[37m./test262/test/annexB/language/function-code/switch-dflt-func-skip-dft-param.js => [0m[1m[33mFAILED
[0m[37m	> Test returned error: Uncaught SyntaxError: error: unexpected token: found '=' expected '=>'
 --> ??:18:12
   |
19 | (function(f = 123) {
   |             ^ expected arrow function declaration

./test262/test/annexB/language/function-code/block-decl-func-skip-early-err-block.js => [0m[1m[33mFAILED
[0m[37m	> Test returned error: Uncaught TypeError: undefined has no properties
./test262/test/annexB/language/function-code/if-decl-else-stmt-func-existing-var-update.js => [0m[1m[32mPASSED
[0m[37m./test262/test/annexB/language/function-code/switch-case-func-skip-early-err-switch.js => [0m[1m[33mFAILED
[0m[37m	> Test returned error: Uncaught SyntaxError: error: unexpected token: found 'switch' expected '=>'
 --> ??:31:0
   |
32 | switch (1) {
   | ^^^^^^ expected arrow function declaration

./test262/test/annexB/language/function-code/if-decl-else-stmt-func-skip-early-err-block.js => [0m[1m[33mFAILED
[0m[37m	> Test returned error: Uncaught TypeError: undefined has no properties
./test262/test/annexB/language/function-code/function-redeclaration-switch.js => [0m[1m[32mPASSED
[0m[37m./test262/test/annexB/language/function-code/if-stmt-else-decl-func-update.js => [0m[1m[32mPASSED
[0m[37m./test262/test/annexB/language/function-code/if-stmt-else-decl-func-skip-early-err.js => [0m[1m[33mFAILED
[0m[37m	> Test returned error: Uncaught SyntaxError: error: unexpected token: found '(' expected '=>'
 --> ??:31:28
   |
32 | if (false) ; else function f() {  }
   |                             ^ expected arrow function declaration

./test262/test/annexB/language/function-code/if-stmt-else-decl-func-skip-early-err-for-in.js => [0m[1m[33mFAILED
[0m[37m	> Test returned error: Uncaught TypeError: undefined has no properties
./test262/test/annexB/language/function-code/if-stmt-else-decl-func-init.js => [0m[1m[33mFAILED
[0m[37m	> Test returned error: Uncaught TypeError: undefined has no properties
./test262/test/annexB/language/function-code/if-decl-else-decl-b-func-existing-fn-no-init.js => [0m[1m[33mFAILED
[0m[37m	> Test returned error: Uncaught TypeError: tried to call non function value
./test262/test/annexB/language/function-code/if-decl-else-decl-b-func-skip-early-err-for.js => [0m[1m[33mFAILED
[0m[37m	> Test returned error: Uncaught TypeError: undefined has no properties
./test262/test/annexB/language/function-code/switch-dflt-func-skip-early-err.js => [0m[1m[33mFAILED
[0m[37m	> Test returned error: Uncaught SyntaxError: error: unexpected token: found '(' expected '=>'
 --> ??:24:10
   |
25 | function f() {  }
   |           ^ expected arrow function declaration

./test262/test/annexB/language/function-code/if-decl-else-decl-a-func-update.js => [0m[1m[32mPASSED
[0m[37m./test262/test/annexB/language/function-code/switch-dflt-func-existing-fn-update.js => [0m[1m[32mPASSED
[0m[37m./test262/test/annexB/language/function-code/if-decl-else-decl-a-func-block-scoping.js => [0m[1m[33mFAILED
[0m[37m	> Test returned error: Uncaught TypeError: tried to call non function value
./test262/test/annexB/language/function-code/switch-case-func-skip-early-err-for.js => [0m[1m[33mFAILED
[0m[37m	> Test returned error: Uncaught TypeError: undefined has no properties
./test262/test/annexB/language/function-code/if-stmt-else-decl-func-existing-var-no-init.js => [0m[1m[32mPASSED
[0m[37m./test262/test/annexB/language/function-code/switch-case-func-existing-block-fn-update.js => [0m[1m[32mPASSED
[0m[37m./test262/test/annexB/language/function-code/if-decl-else-decl-b-func-existing-block-fn-no-init.js => [0m[1m[32mPASSED
[0m[37m./test262/test/annexB/language/function-code/if-stmt-else-decl-func-no-skip-try.js => [0m[1m[33mFAILED
[0m[37m	> Test returned error: Uncaught Test262Error: binding value is updated following evaluation Expected SameValue(Â«undefinedÂ», Â«functionÂ») to be true
./test262/test/annexB/language/function-code/switch-dflt-func-skip-early-err-try.js => [0m[1m[33mFAILED
[0m[37m	> Test returned error: Uncaught TypeError: undefined has no properties
./test262/test/annexB/language/function-code/block-decl-func-existing-block-fn-no-init.js => [0m[1m[32mPASSED
[0m[37m./test262/test/annexB/language/function-code/if-decl-no-else-func-skip-early-err-block.js => [0m[1m[33mFAILED
[0m[37m	> Test returned error: Uncaught TypeError: undefined has no properties
./test262/test/annexB/language/function-code/if-decl-else-stmt-func-skip-early-err-for-of.js => [0m[1m[33mFAILED
[0m[37m	> Test returned error: Uncaught SyntaxError: error: unexpected token: found '[' expected '=>'
 --> ??:36:14
   |
37 | for (let f of [0]) {
   |               ^ expected arrow function declaration

./test262/test/annexB/language/function-code/switch-case-func-skip-early-err.js => [0m[1m[33mFAILED
[0m[37m	> Test returned error: Uncaught SyntaxError: error: unexpected token: found '(' expected '=>'
 --> ??:24:10
   |
25 | function f() {  }
   |           ^ expected arrow function declaration

./test262/test/annexB/language/function-code/switch-case-func-existing-fn-update.js => [0m[1m[32mPASSED
[0m[37m./test262/test/annexB/language/function-code/if-decl-else-decl-a-func-skip-early-err-for-of.js => [0m[1m[33mFAILED
[0m[37m	> Test returned error: Uncaught SyntaxError: error: unexpected token: found '[' expected '=>'
 --> ??:36:14
   |
37 | for (let f of [0]) {
   |               ^ expected arrow function declaration

./test262/test/annexB/language/function-code/if-decl-else-stmt-func-skip-early-err-for.js => [0m[1m[33mFAILED
[0m[37m	> Test returned error: Uncaught TypeError: undefined has no properties
./test262/test/annexB/language/function-code/if-decl-no-else-func-existing-var-update.js => [0m[1m[32mPASSED
[0m[37m./test262/test/annexB/language/function-code/if-decl-else-decl-b-func-existing-var-no-init.js => [0m[1m[32mPASSED
[0m[37m./test262/test/annexB/language/function-code/if-decl-no-else-func-skip-early-err.js => [0m[1m[33mFAILED
[0m[37m	> Test returned error: Uncaught SyntaxError: error: unexpected token: found '(' expected '=>'
 --> ??:31:20
   |
32 | if (true) function f() {  }
   |                     ^ expected arrow function declaration

./test262/test/annexB/language/function-code/block-decl-func-skip-dft-param.js => [0m[1m[33mFAILED
[0m[37m	> Test returned error: Uncaught SyntaxError: error: unexpected token: found '=' expected '=>'
 --> ??:18:12
   |
19 | (function(f = 123) {
   |             ^ expected arrow function declaration

./test262/test/annexB/language/function-code/if-decl-else-decl-b-func-block-scoping.js => [0m[1m[33mFAILED
[0m[37m	> Test returned error: Uncaught TypeError: tried to call non function value
./test262/test/annexB/language/function-code/if-decl-else-decl-a-func-skip-early-err-for.js => [0m[1m[33mFAILED
[0m[37m	> Test returned error: Uncaught TypeError: undefined has no properties
./test262/test/annexB/language/function-code/block-decl-func-existing-fn-no-init.js => [0m[1m[33mFAILED
[0m[37m	> Test returned error: Uncaught TypeError: tried to call non function value
./test262/test/annexB/language/function-code/if-decl-else-stmt-func-existing-fn-update.js => [0m[1m[32mPASSED
[0m[37m./test262/test/annexB/language/function-code/if-decl-else-decl-a-func-skip-early-err-switch.js => [0m[1m[33mFAILED
[0m[37m	> Test returned error: Uncaught SyntaxError: error: unexpected token: found 'if' expected '=>'
 --> ??:40:0
   |
41 | if (true) function f() {  } else function _f() {}
   | ^^ expected arrow function declaration

./test262/test/annexB/language/function-code/block-decl-func-no-skip-try.js => [0m[1m[33mFAILED
[0m[37m	> Test returned error: Uncaught Test262Error: binding value is updated following evaluation Expected SameValue(Â«undefinedÂ», Â«functionÂ») to be true
./test262/test/annexB/language/function-code/if-decl-else-decl-a-func-existing-var-update.js => [0m[1m[32mPASSED
[0m[37m./test262/test/annexB/language/function-code/switch-dflt-func-skip-early-err-for-in.js => [0m[1m[33mFAILED
[0m[37m	> Test returned error: Uncaught TypeError: undefined has no properties
./test262/test/annexB/language/function-code/if-decl-else-decl-a-func-skip-early-err.js => [0m[1m[33mFAILED
[0m[37m	> Test returned error: Uncaught SyntaxError: error: unexpected token: found '(' expected '=>'
 --> ??:31:20
   |
32 | if (true) function f() {  } else function _f() {}
   |                     ^ expected arrow function declaration

./test262/test/annexB/language/function-code/switch-dflt-func-skip-early-err-for.js => [0m[1m[33mFAILED
[0m[37m	> Test returned error: Uncaught TypeError: undefined has no properties
./test262/test/annexB/language/function-code/block-decl-func-existing-fn-update.js => [0m[1m[32mPASSED
[0m[37m./test262/test/annexB/language/function-code/if-decl-else-decl-b-func-existing-var-update.js => [0m[1m[32mPASSED
[0m[37m./test262/test/annexB/language/function-code/if-decl-else-decl-b-func-skip-param.js => [0m[1m[33mFAILED
[0m[37m	> Test returned error: Uncaught SyntaxError: error: unexpected token: found '(' expected '=>'
 --> ??:30:43
   |
31 | if (false) function _f() {} else function f() {  }
   |                                            ^ expected arrow function declaration

./test262/test/annexB/language/function-code/block-decl-func-skip-early-err.js => [0m[1m[33mFAILED
[0m[37m	> Test returned error: Uncaught SyntaxError: error: unexpected token: found '(' expected '=>'
 --> ??:23:10
   |
24 | function f() {  }
   |           ^ expected arrow function declaration

./test262/test/annexB/language/function-code/if-stmt-else-decl-func-skip-early-err-switch.js => [0m[1m[33mFAILED
[0m[37m	> Test returned error: Uncaught SyntaxError: error: unexpected token: found 'if' expected '=>'
 --> ??:40:0
   |
41 | if (false) ; else function f() {  }
   | ^^ expected arrow function declaration

./test262/test/annexB/language/function-code/if-decl-else-decl-a-func-existing-block-fn-update.js => [0m[1m[32mPASSED
[0m[37m./test262/test/annexB/language/function-code/if-decl-else-decl-a-func-skip-early-err-try.js => [0m[1m[33mFAILED
[0m[37m	> Test returned error: Uncaught TypeError: undefined has no properties
[0m[1mReport:
[0m[1m[32m	passed: [0m[37m303
[0m[1m[33m	failed: [0m[37m427
[0m[1m[34m	panicked: [0m[37m1
[0m[1m[31m	error: [0m[37m88

 Conformance: 36.99634%
